#
# A fatal error has been detected by the Java Runtime Environment:
#
#  Internal Error (jvmciRuntime.cpp:1609), pid=28, tid=46
#  fatal error: Fatal exception in JVMCI: Error calling jdk.vm.ci.services.Services.serializeSavedProperties
#
# JRE version: OpenJDK Runtime Environment GraalVM CE 22.3.0 (17.0.5+8) (build 17.0.5+8-jvmci-22.3-b08)
# Java VM: OpenJDK 64-Bit Server VM GraalVM CE 22.3.0 (17.0.5+8-jvmci-22.3-b08, mixed mode, sharing, tiered, jvmci, jvmci compiler, compressed oops, compressed class ptrs, parallel gc, linux-amd64)
# Problematic frame:
# V  [libjvm.so+0x972714]  JVMCIRuntime::fatal_exception(JVMCIEnv*, char const*)+0x74
#
# Core dump will be written. Default location: Core dumps may be processed with "/usr/share/apport/apport -p%p -s%s -c%c -d%d -P%P -u%u -g%g -- %E" (or dumping to /home/runner/72-Maps/core.28)
#
# If you would like to submit a bug report, please visit:
#   https://github.com/oracle/graal/issues
#

---------------  S U M M A R Y ------------

Command Line: -XX:ThreadPriorityPolicy=1 -XX:+UnlockExperimentalVMOptions -XX:+EnableJVMCIProduct -XX:JVMCIThreadsPerNativeLibraryRuntime=1 -XX:-UnlockExperimentalVMOptions -Declipse.application=org.eclipse.jdt.ls.core.id1 -Dosgi.bundles.defaultStartLevel=4 -Declipse.product=org.eclipse.jdt.ls.core.product -Dlog.level=ALL -Xverify:none -XX:+UseParallelGC -XX:GCTimeRatio=4 -XX:AdaptiveSizePolicyWeight=90 -Dsun.zip.disableMemoryMapping=true -Xmx512m -Xms100m /nix/store/m6gcpi1ii6rghy04cjwjddcavv7i90df-jdt-language-server-1.9.0/share/java/plugins/org.eclipse.equinox.launcher_1.6.400.v20210924-0641.jar --add-modules=ALL-SYSTEM --add-opens java.base/java.util=ALL-UNNAMED --add-opens java.base/java.lang=ALL-UNNAMED -configuration /home/runner/.cache/jdt-language-server/config -data /home/runner/.cache/jdt-language-server/data/home/runner/72-Maps

Host: AMD EPYC 7B12, 8 cores, 1G, Ubuntu 20.04.2 LTS
Time: Fri Feb 17 20:23:48 2023 UTC elapsed time: 908.198930 seconds (0d 0h 15m 8s)

---------------  T H R E A D  ---------------

Current thread (0x00007f5f180b21e0):  JavaThread "JVMCI-native CompilerThread0" daemon [_thread_in_vm, id=46, stack(0x00007f5efdb1a000,0x00007f5efdd1a000)]


Current CompileTask:
JVMCI-native: 908199 10521       4       java.util.Collections$UnmodifiableCollection$1::hasNext (10 bytes)

Stack: [0x00007f5efdb1a000,0x00007f5efdd1a000],  sp=0x00007f5efdd18380,  free space=2040k
Native frames: (J=compiled Java code, j=interpreted, Vv=VM code, C=native code)
V  [libjvm.so+0x972714]  JVMCIRuntime::fatal_exception(JVMCIEnv*, char const*)+0x74
V  [libjvm.so+0x93e2fe]  JVMCIEnv::copy_saved_properties()+0x14e
V  [libjvm.so+0x9732a9]  JVMCIRuntime::initialize(JVMCIEnv*)+0xb19
V  [libjvm.so+0x9738a2]  JVMCIRuntime::get_HotSpotJVMCIRuntime(JVMCIEnv*)+0x12
V  [libjvm.so+0x9749f2]  JVMCIRuntime::compile_method(JVMCIEnv*, JVMCICompiler*, methodHandle const&, int)+0xd2
V  [libjvm.so+0x5b0d20]  CompileBroker::invoke_compiler_on_method(CompileTask*)+0x1470
V  [libjvm.so+0x5b12e8]  CompileBroker::compiler_thread_loop()+0x528
V  [libjvm.so+0xd82460]  JavaThread::thread_main_inner()+0xd0
V  [libjvm.so+0xd85a40]  Thread::call_run()+0xc0
V  [libjvm.so+0xbdb1e1]  thread_native_entry(Thread*)+0xe1

Register to memory mapping:

RAX=0x00007f5f1d7e4000 points into unknown readable memory: 0x0000000000000058 | 58 00 00 00 00 00 00 00
RBX=0x00007f5f1e8df398: <offset 0x0000000000ef5398> in /nix/store/gpxl5qgg8kicmcvivwmybwjlpf7wh20l-graalvm17-ce-22.3.0/lib/server/libjvm.so at 0x00007f5f1d9ea000
RCX=0x00007f5f1e8971e8: <offset 0x0000000000ead1e8> in /nix/store/gpxl5qgg8kicmcvivwmybwjlpf7wh20l-graalvm17-ce-22.3.0/lib/server/libjvm.so at 0x00007f5f1d9ea000
RDX=0x0000000000000649 is an unknown value
RSP=0x00007f5efdd18380 is pointing into the stack for thread: 0x00007f5f180b21e0
RBP=0x00007f5efdd183a0 is pointing into the stack for thread: 0x00007f5f180b21e0
RSI=0x00007f5f1e8dfc48: <offset 0x0000000000ef5c48> in /nix/store/gpxl5qgg8kicmcvivwmybwjlpf7wh20l-graalvm17-ce-22.3.0/lib/server/libjvm.so at 0x00007f5f1d9ea000
RDI=0x00000000e0000000 is an oop: [B 
{0x00000000e0000000} - klass: {type array byte}
 - length: 49
R8 =0x00007f5f1e8df398: <offset 0x0000000000ef5398> in /nix/store/gpxl5qgg8kicmcvivwmybwjlpf7wh20l-graalvm17-ce-22.3.0/lib/server/libjvm.so at 0x00007f5f1d9ea000
R9 =0x0000000000000003 is an unknown value
R10=0x00007f5f1ec30da0: <offset 0x0000000001246da0> in /nix/store/gpxl5qgg8kicmcvivwmybwjlpf7wh20l-graalvm17-ce-22.3.0/lib/server/libjvm.so at 0x00007f5f1d9ea000
R11=0x000000080044f048 is pointing into metadata
R12=0x0 is NULL
R13=0x00007f5f180b21e0 is a thread
R14=0x00007f5f18000b80 points into unknown readable memory: 0x00007f5f1eb10a38 | 38 0a b1 1e 5f 7f 00 00
R15=0x00007f5f1ec1ee40: <offset 0x0000000001234e40> in /nix/store/gpxl5qgg8kicmcvivwmybwjlpf7wh20l-graalvm17-ce-22.3.0/lib/server/libjvm.so at 0x00007f5f1d9ea000


Registers:
RAX=0x00007f5f1d7e4000, RBX=0x00007f5f1e8df398, RCX=0x00007f5f1e8971e8, RDX=0x0000000000000649
RSP=0x00007f5efdd18380, RBP=0x00007f5efdd183a0, RSI=0x00007f5f1e8dfc48, RDI=0x00000000e0000000
R8 =0x00007f5f1e8df398, R9 =0x0000000000000003, R10=0x00007f5f1ec30da0, R11=0x000000080044f048
R12=0x0000000000000000, R13=0x00007f5f180b21e0, R14=0x00007f5f18000b80, R15=0x00007f5f1ec1ee40
RIP=0x00007f5f1e35c714, EFLAGS=0x0000000000010206, CSGSFS=0x002b000000000033, ERR=0x0000000000000006
  TRAPNO=0x000000000000000e

Top of Stack: (sp=0x00007f5efdd18380)
0x00007f5efdd18380:   00007f5efdd18940 00007f5f180b21e0
0x00007f5efdd18390:   00007f5f1c1758c8 0000000800c417a0
0x00007f5efdd183a0:   00007f5efdd18500 00007f5f1e3282fe
0x00007f5efdd183b0:   00007f5efdd183e0 00007f5efdd18440 

Instructions: (pc=0x00007f5f1e35c714)
0x00007f5f1e35c614:   30 e8 f6 cf e8 ff 4c 89 e7 e8 2e 48 d1 ff 84 db
0x00007f5f1e35c624:   75 2a 4d 85 ed 74 04 4d 8b 6d 00 48 83 c4 08 44
0x00007f5f1e35c634:   89 f9 4c 89 f2 4c 89 ee 5b 4c 89 e7 41 5c 41 5d
0x00007f5f1e35c644:   41 5e 41 5f 5d e9 e2 47 d1 ff 66 90 48 83 c4 08
0x00007f5f1e35c654:   5b 41 5c 41 5d 41 5e 41 5f 5d c3 90 31 d2 be 08
0x00007f5f1e35c664:   00 00 00 4c 89 ff e8 b1 78 a3 ff 49 89 c5 e9 37
0x00007f5f1e35c674:   ff ff ff 66 0f 1f 84 00 00 00 00 00 48 8b 7a 08
0x00007f5f1e35c684:   e9 6d ff ff ff 0f 1f 80 00 00 00 00 e8 5b 48 0a
0x00007f5f1e35c694:   00 84 c0 75 89 e9 6a ff ff ff 66 90 55 48 89 e5
0x00007f5f1e35c6a4:   41 56 41 55 41 54 49 89 fc 53 48 89 f3 66 48 8d
0x00007f5f1e35c6b4:   3d 27 5e 85 00 66 66 48 e8 df 43 8d ff 4c 8b 28
0x00007f5f1e35c6c4:   8b 05 be 72 8a 00 85 c0 75 14 ba 01 00 00 00 48
0x00007f5f1e35c6d4:   8d 0d ae 72 8a 00 f0 0f b1 11 85 c0 74 4e be c8
0x00007f5f1e35c6e4:   00 00 00 4c 89 ef e8 01 0b 41 00 48 8d 05 12 ac
0x00007f5f1e35c6f4:   85 00 49 89 d8 48 8d 0d e8 aa 53 00 ba 49 06 00
0x00007f5f1e35c704:   00 48 8d 35 3c 35 58 00 bf 00 00 00 e0 48 8b 00
0x00007f5f1e35c714:   c6 00 58 31 c0 e8 e2 91 c6 ff 5b 41 5c 41 5d 41
0x00007f5f1e35c724:   5e 5d e9 55 34 26 00 0f 1f 44 00 00 48 8d 05 81
0x00007f5f1e35c734:   a3 8b 00 48 89 df 4c 8b 30 e8 9e 43 8d ff 48 89
0x00007f5f1e35c744:   de 48 89 c2 49 8b 06 4c 89 f7 ff 50 08 4c 89 f7
0x00007f5f1e35c754:   e8 a7 5c 27 00 4d 85 e4 74 12 be 01 00 00 00 4c
0x00007f5f1e35c764:   89 e7 e8 35 43 fc ff eb 82 0f 1f 00 be 01 00 00
0x00007f5f1e35c774:   00 4c 89 ef e8 d3 fd ff ff e9 6d ff ff ff 66 66
0x00007f5f1e35c784:   2e 0f 1f 84 00 00 00 00 00 0f 1f 00 55 48 89 e5
0x00007f5f1e35c794:   41 57 41 56 41 55 41 54 53 48 81 ec 08 02 00 00
0x00007f5f1e35c7a4:   64 48 8b 04 25 28 00 00 00 48 89 45 c8 8b 07 83
0x00007f5f1e35c7b4:   f8 02 0f 84 11 04 00 00 4c 8b 6f 18 49 89 ff 49
0x00007f5f1e35c7c4:   89 f4 4d 85 ed 74 14 4c 89 ef e8 5d 57 22 00 41
0x00007f5f1e35c7d4:   8b 07 83 f8 02 0f 84 19 04 00 00 48 8d 1d 9a 06
0x00007f5f1e35c7e4:   8a 00 4c 8d 35 0b 3c 58 00 eb 38 90 48 85 d2 7f
0x00007f5f1e35c7f4:   0d 48 8d 05 b4 c0 85 00 48 83 38 00 7e 0e 41 8b
0x00007f5f1e35c804:   77 2c 4c 89 f7 31 c0 e8 a0 b2 f7 ff 49 8b 7f 18 


Stack slot to memory mapping:
stack at sp + 0 slots: 0x00007f5efdd18940 is pointing into the stack for thread: 0x00007f5f180b21e0
stack at sp + 1 slots: 0x00007f5f180b21e0 is a thread
stack at sp + 2 slots: 0x00007f5f1c1758c8 points into unknown readable memory: 0x6573001880c9ffff | ff ff c9 80 18 00 73 65
stack at sp + 3 slots: 0x0000000800c417a0 is a pointer to class: 
jdk.vm.ci.services.Services {0x0000000800c417a0}
 - instance size:     2
 - klass size:        65
 - access:            public final synchronized 
 - state:             fully_initialized
 - name:              'jdk/vm/ci/services/Services'
 - super:             'java/lang/Object'
 - sub:               
 - arrays:            NULL
 - methods:           Array<T>(0x00007f5efe443070)
 - method ordering:   Array<T>(0x0000000800928960)
 - default_methods:   Array<T>(0x0000000000000000)
 - local interfaces:  Array<T>(0x00000008005ce810)
 - trans. interfaces: Array<T>(0x00000008005ce810)
 - constants:         constant pool [427] {0x00007f5efe442150} for 'jdk/vm/ci/services/Services' cache=0x00007f5efe444340
 - class loader data:  loader data: 0x00007f5f180283d0 of 'bootstrap'
 - source file:       'Services.java'
 - class annotations:       Array<T>(0x0000000000000000)
 - class type annotations:  Array<T>(0x0000000000000000)
 - field annotations:       Array<T>(0x0000000000000000)
 - field type annotations:  Array<T>(0x0000000000000000)
 - inner classes:     Array<T>(0x00007f5efe444310)
 - nest members:     Array<T>(0x00007f5efe444330)
 - permitted subclasses:     Array<T>(0x00000008005ce7a0)
 - java mirror:       a 'java/lang/Class'{0x00000000e017b148} = 'jdk/vm/ci/services/Services'
 - vtable length      5  (start addr: 0x0000000800c41970)
 - itable length      2 (start addr: 0x0000000800c41998)
 - ---- static fields (3 words):
 - public static final 'IS_BUILDING_NATIVE_IMAGE' 'Z' @128 
 - public static final 'IS_IN_NATIVE_IMAGE' 'Z' @129 
 - private static volatile 'savedProperties' 'Ljava/util/Map;' @112 
 - static final 'JVMCI_ENABLED' 'Z' @130 
 - private static final 'servicesCache' 'Ljava/util/Map;' @116 
 - private static final 'MAX_UNICODE_IN_UTF8_LENGTH' 'I' @120 
 - private static final 'MAX_UTF8_PROPERTY_STRING_LENGTH' 'I' @124 
 - ---- non-static fields (0 words):
 - non-static oop maps: 
stack at sp + 4 slots: 0x00007f5efdd18500 is pointing into the stack for thread: 0x00007f5f180b21e0
stack at sp + 5 slots: 0x00007f5f1e3282fe: <offset 0x000000000093e2fe> in /nix/store/gpxl5qgg8kicmcvivwmybwjlpf7wh20l-graalvm17-ce-22.3.0/lib/server/libjvm.so at 0x00007f5f1d9ea000
stack at sp + 6 slots: 0x00007f5efdd183e0 is pointing into the stack for thread: 0x00007f5f180b21e0
stack at sp + 7 slots: 0x00007f5efdd18440 is pointing into the stack for thread: 0x00007f5f180b21e0


---------------  P R O C E S S  ---------------

Threads class SMR info:
_java_thread_list=0x00007f5ea001dec0, length=25, elements={
0x00007f5f18026670, 0x00007f5f180a64b0, 0x00007f5f180a78f0, 0x00007f5f180ae050,
0x00007f5f180af400, 0x00007f5f180b07f0, 0x00007f5f180b21e0, 0x00007f5f180b36f0,
0x00007f5f180b4b40, 0x00007f5f180d7cb0, 0x00007f5f1811f420, 0x00007f5f183338d0,
0x00007f5f183666d0, 0x00007f5f18369180, 0x00007f5f1862ef30, 0x00007f5eac016fa0,
0x00007f5eac2aac80, 0x00007f5eac48b270, 0x00007f5eac65c740, 0x00007f5f184c0860,
0x00007f5f183e2aa0, 0x00007f5e7c036cf0, 0x00007f5e88165c50, 0x00007f5e64018fa0,
0x00007f5e6403d270
}

Java Threads: ( => current thread )
  0x00007f5f18026670 JavaThread "main" [_thread_blocked, id=35, stack(0x00007f5f1d805000,0x00007f5f1d905000)]
  0x00007f5f180a64b0 JavaThread "Reference Handler" daemon [_thread_blocked, id=40, stack(0x00007f5efecab000,0x00007f5efedab000)]
  0x00007f5f180a78f0 JavaThread "Finalizer" daemon [_thread_blocked, id=41, stack(0x00007f5efe300000,0x00007f5efe400000)]
  0x00007f5f180ae050 JavaThread "Signal Dispatcher" daemon [_thread_blocked, id=43, stack(0x00007f5efdf1a000,0x00007f5efe01a000)]
  0x00007f5f180af400 JavaThread "Service Thread" daemon [_thread_blocked, id=44, stack(0x00007f5efde1a000,0x00007f5efdf1a000)]
  0x00007f5f180b07f0 JavaThread "Monitor Deflation Thread" daemon [_thread_blocked, id=45, stack(0x00007f5efdd1a000,0x00007f5efde1a000)]
=>0x00007f5f180b21e0 JavaThread "JVMCI-native CompilerThread0" daemon [_thread_in_vm, id=46, stack(0x00007f5efdb1a000,0x00007f5efdd1a000)]
  0x00007f5f180b36f0 JavaThread "C1 CompilerThread0" daemon [_thread_blocked, id=47, stack(0x00007f5efd91a000,0x00007f5efdb1a000)]
  0x00007f5f180b4b40 JavaThread "Sweeper thread" daemon [_thread_blocked, id=48, stack(0x00007f5efd81a000,0x00007f5efd91a000)]
  0x00007f5f180d7cb0 JavaThread "Common-Cleaner" daemon [_thread_blocked, id=49, stack(0x00007f5efd71a000,0x00007f5efd81a000)]
  0x00007f5f1811f420 JavaThread "Notification Thread" daemon [_thread_blocked, id=50, stack(0x00007f5efd61a000,0x00007f5efd71a000)]
  0x00007f5f183338d0 JavaThread "Active Thread: Equinox Container: fedc39ad-be50-41a2-93e3-591dd6648746" [_thread_blocked, id=63, stack(0x00007f5efc200000,0x00007f5efc300000)]
  0x00007f5f183666d0 JavaThread "Framework Event Dispatcher: Equinox Container: fedc39ad-be50-41a2-93e3-591dd6648746" daemon [_thread_blocked, id=64, stack(0x00007f5efc000000,0x00007f5efc100000)]
  0x00007f5f18369180 JavaThread "Start Level: Equinox Container: fedc39ad-be50-41a2-93e3-591dd6648746" daemon [_thread_blocked, id=65, stack(0x00007f5ec5b00000,0x00007f5ec5c00000)]
  0x00007f5f1862ef30 JavaThread "Refresh Thread: Equinox Container: fedc39ad-be50-41a2-93e3-591dd6648746" daemon [_thread_blocked, id=66, stack(0x00007f5ec5900000,0x00007f5ec5a00000)]
  0x00007f5eac016fa0 JavaThread "SCR Component Actor" daemon [_thread_blocked, id=75, stack(0x00007f5ec5700000,0x00007f5ec5800000)]
  0x00007f5eac2aac80 JavaThread "Worker-JM" [_thread_blocked, id=85, stack(0x00007f5ec5300000,0x00007f5ec5400000)]
  0x00007f5eac48b270 JavaThread "Java indexing" daemon [_thread_blocked, id=88, stack(0x00007f5ec4f00000,0x00007f5ec5000000)]
  0x00007f5eac65c740 JavaThread "Bundle File Closer" daemon [_thread_blocked, id=97, stack(0x00007f5ec4d00000,0x00007f5ec4e00000)]
  0x00007f5f184c0860 JavaThread "pool-3-thread-1" [_thread_blocked, id=98, stack(0x00007f5ec4b00000,0x00007f5ec4c00000)]
  0x00007f5f183e2aa0 JavaThread "pool-2-thread-1" [_thread_in_native, id=100, stack(0x00007f5ec4700000,0x00007f5ec4800000)]
  0x00007f5e7c036cf0 JavaThread "Worker-5: Periodic workspace save." [_thread_blocked, id=155, stack(0x00007f5ec3f00000,0x00007f5ec4000000)]
  0x00007f5e88165c50 JavaThread "Thread-6" [_thread_blocked, id=224, stack(0x00007f5ec4000000,0x00007f5ec4100000)]
  0x00007f5e64018fa0 JavaThread "Worker-6" [_thread_blocked, id=1227, stack(0x00007f5ec5000000,0x00007f5ec5100000)]
  0x00007f5e6403d270 JavaThread "Worker-7" [_thread_blocked, id=1356, stack(0x00007f5ec4300000,0x00007f5ec4400000)]

Other Threads:
  0x00007f5f180a1bf0 VMThread "VM Thread" [stack: 0x00007f5efedad000,0x00007f5efeead000] [id=39] _threads_hazard_ptr=0x00007f5ea001dec0
  0x00007f5f18120dc0 WatcherThread [stack: 0x00007f5efd51a000,0x00007f5efd61a000] [id=51]
  0x00007f5f1803df10 GCTaskThread "GC Thread#0" [stack: 0x00007f5f1d3c8000,0x00007f5f1d4c8000] [id=38]

Threads with active compile tasks:
JVMCI-native CompilerThread0   908289 10521       4       java.util.Collections$UnmodifiableCollection$1::hasNext (10 bytes)

VM state: synchronizing (normal execution)

VM Mutex/Monitor currently owned by a thread:  ([mutex/lock_event])
[0x00007f5f18023820] Threads_lock - owner thread: 0x00007f5f180a1bf0
[0x00007f5f18023fd0] Heap_lock - owner thread: 0x00007f5eac48b270

OutOfMemory and StackOverflow Exception counts:
OutOfMemoryError java_heap_errors=2
LinkageErrors=55

Heap address: 0x00000000e0000000, size: 512 MB, Compressed Oops mode: 32-bit

CDS archive(s) mapped at: [0x0000000800000000-0x0000000800bc8000-0x0000000800bc8000), size 12353536, SharedBaseAddress: 0x0000000800000000, ArchiveRelocationMode: 0.
Compressed class space mapped at: 0x0000000800c00000-0x0000000840c00000, reserved size: 1073741824
Narrow klass base: 0x0000000800000000, Narrow klass shift: 0, Narrow klass range: 0x100000000

GC Precious Log:
 CPUs: 8 total, 1 available
 Memory: 1024M
 Large Page Support: Disabled
 NUMA Support: Disabled
 Compressed Oops: Enabled (32-bit)
 Alignments: Space 512K, Generation 512K, Heap 2M
 Heap Min Capacity: 100M
 Heap Initial Capacity: 100M
 Heap Max Capacity: 512M
 Pre-touch: Disabled
 Parallel Workers: 1

Heap:
 PSYoungGen      total 37376K, used 25088K [0x00000000f5580000, 0x00000000f8780000, 0x0000000100000000)
  eden space 25088K, 100% used [0x00000000f5580000,0x00000000f6e00000,0x00000000f6e00000)
  from space 12288K, 0% used [0x00000000f6e00000,0x00000000f6e00000,0x00000000f7a00000)
  to   space 11776K, 0% used [0x00000000f7a80000,0x00000000f7a80000,0x00000000f8600000)
 ParOldGen       total 349696K, used 349694K [0x00000000e0000000, 0x00000000f5580000, 0x00000000f5580000)
  object space 349696K, 99% used [0x00000000e0000000,0x00000000f557fad0,0x00000000f5580000)
 Metaspace       used 57126K, committed 57984K, reserved 1105920K
  class space    used 5472K, committed 5824K, reserved 1048576K

Card table byte_map: [0x00007f5f1d4c8000,0x00007f5f1d5c9000] _byte_map_base: 0x00007f5f1cdc8000

Marking Bits: (ParMarkBitMap*) 0x00007f5f1ec184c0
 Begin Bits: [0x00007f5f1c31b000, 0x00007f5f1cb1b000)
 End Bits:   [0x00007f5f1cb1b000, 0x00007f5f1d31b000)

Polling page: 0x00007f5f1d7e2000

Metaspace:

Usage:
  Non-class:     50.44 MB used.
      Class:      5.34 MB used.
       Both:     55.79 MB used.

Virtual space:
  Non-class space:       56.00 MB reserved,      50.94 MB ( 91%) committed,  7 nodes.
      Class space:        1.00 GB reserved,       5.69 MB ( <1%) committed,  1 nodes.
             Both:        1.05 GB reserved,      56.62 MB (  5%) committed. 

Chunk freelists:
   Non-Class:  1.03 MB
       Class:  2.29 MB
        Both:  3.32 MB

MaxMetaspaceSize: unlimited
CompressedClassSpaceSize: 1.00 GB
Initial GC threshold: 21.00 MB
Current GC threshold: 94.38 MB
CDS: on
MetaspaceReclaimPolicy: balanced
 - commit_granule_bytes: 65536.
 - commit_granule_words: 8192.
 - virtual_space_node_default_size: 1048576.
 - enlarge_chunks_in_place: 1.
 - new_chunks_are_fully_committed: 0.
 - uncommit_free_chunks: 1.
 - use_allocation_guard: 0.
 - handle_deallocations: 1.


Internal statistics:

num_allocs_failed_limit: 10.
num_arena_births: 400.
num_arena_deaths: 86.
num_vsnodes_births: 8.
num_vsnodes_deaths: 0.
num_space_committed: 902.
num_space_uncommitted: 0.
num_chunks_returned_to_freelist: 122.
num_chunks_taken_from_freelist: 2561.
num_chunk_merges: 40.
num_chunk_splits: 1668.
num_chunks_enlarged: 1084.
num_purges: 8.
num_inconsistent_stats: 0.

CodeHeap 'non-profiled nmethods': size=120036Kb used=2462Kb max_used=2462Kb free=117573Kb
 bounds [0x00007f5f06f7a000, 0x00007f5f071ea000, 0x00007f5f0e4b3000]
CodeHeap 'profiled nmethods': size=120032Kb used=16829Kb max_used=16829Kb free=103202Kb
 bounds [0x00007f5effa42000, 0x00007f5f00ab2000, 0x00007f5f06f7a000]
CodeHeap 'non-nmethods': size=5692Kb used=1380Kb max_used=1393Kb free=4311Kb
 bounds [0x00007f5eff4b3000, 0x00007f5eff723000, 0x00007f5effa42000]
 total_blobs=8404 nmethods=7692 adapters=615
 compilation: enabled
              stopped_count=0, restarted_count=0
 full_count=0

JVMCI Events (20 events):
Event: 549.192 Thread 0x00007f5f180b21e0 destroyed JavaVM[5]@0x00007f5ec359e340 for JVMCI runtime 0
Event: 549.192 Thread 0x00007f5f180b21e0 compacted oop handles in JVMCI runtime 0 from 53 to 53
Event: 549.192 Thread 0x00007f5f180b21e0 releasing handles for JVMCI runtime 0: oop handles=53, metadata handles={total=96, live=90, blocks=30}
Event: 549.192 Thread 0x00007f5f180b21e0 detached from JVMCI runtime 0
Event: 608.799 Thread 0x00007f5f180b21e0 attached to JVMCI runtime 0
Event: 608.801 Thread 0x00007f5f180b21e0 created JavaVM[6]@0x00007f5ec359e340 for JVMCI runtime 0
Event: 608.801 Thread 0x00007f5f180b21e0 initializing JVMCI runtime 0
Event: 608.801 Thread 0x00007f5f180b21e0 done waiting for JavaVM references initialization in JVMCI runtime 0
Event: 646.212 Thread 0x00007f5f180b21e0 initialized JVMCI runtime 0
Event: 648.803 Thread 0x00007f5f180b21e0 detaching from JVMCI runtime 0: releasing idle compiler thread (0 other threads still attached)
Event: 648.803 Thread 0x00007f5f180b21e0 shutting down HotSpotJVMCIRuntime for JVMCI runtime 0
Event: 651.428 Thread 0x00007f5f180b21e0 shut down JVMCI runtime 0
Event: 651.432 Thread 0x00007f5f180b21e0 destroyed JavaVM[6]@0x00007f5ec359e340 for JVMCI runtime 0
Event: 651.432 Thread 0x00007f5f180b21e0 compacted oop handles in JVMCI runtime 0 from 41 to 41
Event: 651.432 Thread 0x00007f5f180b21e0 releasing handles for JVMCI runtime 0: oop handles=41, metadata handles={total=87, live=76, blocks=30}
Event: 651.432 Thread 0x00007f5f180b21e0 detached from JVMCI runtime 0
Event: 897.412 Thread 0x00007f5f180b21e0 attached to JVMCI runtime 0
Event: 897.414 Thread 0x00007f5f180b21e0 created JavaVM[7]@0x00007f5ec359e340 for JVMCI runtime 0
Event: 897.414 Thread 0x00007f5f180b21e0 initializing JVMCI runtime 0
Event: 897.414 Thread 0x00007f5f180b21e0 done waiting for JavaVM references initialization in JVMCI runtime 0

Compilation events (20 events):
Event: 529.714 Thread 0x00007f5f180b21e0 nmethod 10509 0x00007f5f071e0910 code [0x00007f5f071e0a80, 0x00007f5f071e0ad8]
Event: 534.936 Thread 0x00007f5f180b21e0 10510       4       jdk.internal.jimage.ImageLocation::readValue (61 bytes)
Event: 547.873 Thread 0x00007f5f180b21e0 nmethod 10510 0x00007f5f071e0c10 code [0x00007f5f071e0d80, 0x00007f5f071e0f08]
Event: 608.799 Thread 0x00007f5f180b21e0 10511       4       java.lang.Class::cast (27 bytes)
Event: 613.027 Thread 0x00007f5f180b36f0 10512       3       java.util.concurrent.TimeUnit::convert (77 bytes)
Event: 613.027 Thread 0x00007f5f180b36f0 nmethod 10512 0x00007f5f00aab210 code [0x00007f5f00aab420, 0x00007f5f00aab7e0]
Event: 647.514 Thread 0x00007f5f180b21e0 nmethod 10511 0x00007f5f071e1090 code [0x00007f5f071e1200, 0x00007f5f071e1318]
Event: 737.824 Thread 0x00007f5f180b36f0 10513       1       jdk.internal.reflect.ClassFileAssembler::getStack (5 bytes)
Event: 737.825 Thread 0x00007f5f180b36f0 nmethod 10513 0x00007f5f071e1410 code [0x00007f5f071e15a0, 0x00007f5f071e1670]
Event: 757.603 Thread 0x00007f5f180b36f0 10514       1       org.eclipse.osgi.internal.framework.EquinoxContainer::getStorage (5 bytes)
Event: 757.603 Thread 0x00007f5f180b36f0 nmethod 10514 0x00007f5f071e1710 code [0x00007f5f071e18a0, 0x00007f5f071e1970]
Event: 821.202 Thread 0x00007f5f180b36f0 10515       3       jdk.internal.reflect.ClassFileAssembler::incStack (11 bytes)
Event: 822.553 Thread 0x00007f5f180b36f0 nmethod 10515 0x00007f5f00aab990 code [0x00007f5f00aabb40, 0x00007f5f00aabcf0]
Event: 831.643 Thread 0x00007f5f180b36f0 10516       3       java.util.concurrent.ThreadPoolExecutor::isShutdown (12 bytes)
Event: 831.644 Thread 0x00007f5f180b36f0 nmethod 10516 0x00007f5f00aabd90 code [0x00007f5f00aabf40, 0x00007f5f00aac130]
Event: 844.092 Thread 0x00007f5f180b36f0 10517       3       java.util.concurrent.ScheduledThreadPoolExecutor::canRunInCurrentRunState (61 bytes)
Event: 844.092 Thread 0x00007f5f180b36f0 nmethod 10517 0x00007f5f00aac210 code [0x00007f5f00aac420, 0x00007f5f00aacec0]
Event: 892.010 Thread 0x00007f5f180b36f0 10519       3       org.eclipse.core.internal.dtree.AbstractDataTreeNode::assembleWith (502 bytes)
Event: 896.125 Thread 0x00007f5f180b36f0 nmethod 10519 0x00007f5f00aad110 code [0x00007f5f00aad480, 0x00007f5f00ab0b30]
Event: 897.412 Thread 0x00007f5f180b21e0 10521       4       java.util.Collections$UnmodifiableCollection$1::hasNext (10 bytes)

GC Heap History (20 events):
Event: 894.822 GC heap before
{Heap before GC invocations=734 (full 632):
 PSYoungGen      total 37376K, used 25087K [0x00000000f5580000, 0x00000000f8780000, 0x0000000100000000)
  eden space 25088K, 99% used [0x00000000f5580000,0x00000000f6dffff0,0x00000000f6e00000)
  from space 12288K, 0% used [0x00000000f6e00000,0x00000000f6e00000,0x00000000f7a00000)
  to   space 11776K, 0% used [0x00000000f7a80000,0x00000000f7a80000,0x00000000f8600000)
 ParOldGen       total 349696K, used 349686K [0x00000000e0000000, 0x00000000f5580000, 0x00000000f5580000)
  object space 349696K, 99% used [0x00000000e0000000,0x00000000f557db30,0x00000000f5580000)
 Metaspace       used 57126K, committed 57984K, reserved 1105920K
  class space    used 5472K, committed 5824K, reserved 1048576K
}
Event: 896.120 GC heap after
{Heap after GC invocations=734 (full 632):
 PSYoungGen      total 36864K, used 25087K [0x00000000f5580000, 0x00000000f8780000, 0x0000000100000000)
  eden space 25088K, 99% used [0x00000000f5580000,0x00000000f6dfffd0,0x00000000f6e00000)
  from space 11776K, 0% used [0x00000000f7a80000,0x00000000f7a80000,0x00000000f8600000)
  to   space 12288K, 0% used [0x00000000f6e00000,0x00000000f6e00000,0x00000000f7a00000)
 ParOldGen       total 349696K, used 349686K [0x00000000e0000000, 0x00000000f5580000, 0x00000000f5580000)
  object space 349696K, 99% used [0x00000000e0000000,0x00000000f557db30,0x00000000f5580000)
 Metaspace       used 57126K, committed 57984K, reserved 1105920K
  class space    used 5472K, committed 5824K, reserved 1048576K
}
Event: 896.127 GC heap before
{Heap before GC invocations=735 (full 633):
 PSYoungGen      total 36864K, used 25088K [0x00000000f5580000, 0x00000000f8780000, 0x0000000100000000)
  eden space 25088K, 100% used [0x00000000f5580000,0x00000000f6e00000,0x00000000f6e00000)
  from space 11776K, 0% used [0x00000000f7a80000,0x00000000f7a80000,0x00000000f8600000)
  to   space 12288K, 0% used [0x00000000f6e00000,0x00000000f6e00000,0x00000000f7a00000)
 ParOldGen       total 349696K, used 349686K [0x00000000e0000000, 0x00000000f5580000, 0x00000000f5580000)
  object space 349696K, 99% used [0x00000000e0000000,0x00000000f557db30,0x00000000f5580000)
 Metaspace       used 57126K, committed 57984K, reserved 1105920K
  class space    used 5472K, committed 5824K, reserved 1048576K
}
Event: 897.412 GC heap after
{Heap after GC invocations=735 (full 633):
 PSYoungGen      total 37376K, used 25088K [0x00000000f5580000, 0x00000000f8780000, 0x0000000100000000)
  eden space 25088K, 100% used [0x00000000f5580000,0x00000000f6e00000,0x00000000f6e00000)
  from space 12288K, 0% used [0x00000000f6e00000,0x00000000f6e00000,0x00000000f7a00000)
  to   space 11776K, 0% used [0x00000000f7a80000,0x00000000f7a80000,0x00000000f8600000)
 ParOldGen       total 349696K, used 349686K [0x00000000e0000000, 0x00000000f5580000, 0x00000000f5580000)
  object space 349696K, 99% used [0x00000000e0000000,0x00000000f557db30,0x00000000f5580000)
 Metaspace       used 57126K, committed 57984K, reserved 1105920K
  class space    used 5472K, committed 5824K, reserved 1048576K
}
Event: 897.417 GC heap before
{Heap before GC invocations=736 (full 634):
 PSYoungGen      total 37376K, used 25088K [0x00000000f5580000, 0x00000000f8780000, 0x0000000100000000)
  eden space 25088K, 100% used [0x00000000f5580000,0x00000000f6e00000,0x00000000f6e00000)
  from space 12288K, 0% used [0x00000000f6e00000,0x00000000f6e00000,0x00000000f7a00000)
  to   space 11776K, 0% used [0x00000000f7a80000,0x00000000f7a80000,0x00000000f8600000)
 ParOldGen       total 349696K, used 349689K [0x00000000e0000000, 0x00000000f5580000, 0x00000000f5580000)
  object space 349696K, 99% used [0x00000000e0000000,0x00000000f557e730,0x00000000f5580000)
 Metaspace       used 57126K, committed 57984K, reserved 1105920K
  class space    used 5472K, committed 5824K, reserved 1048576K
}
Event: 898.719 GC heap after
{Heap after GC invocations=736 (full 634):
 PSYoungGen      total 36864K, used 25087K [0x00000000f5580000, 0x00000000f8780000, 0x0000000100000000)
  eden space 25088K, 99% used [0x00000000f5580000,0x00000000f6dfffb0,0x00000000f6e00000)
  from space 11776K, 0% used [0x00000000f7a80000,0x00000000f7a80000,0x00000000f8600000)
  to   space 12288K, 0% used [0x00000000f6e00000,0x00000000f6e00000,0x00000000f7a00000)
 ParOldGen       total 349696K, used 349688K [0x00000000e0000000, 0x00000000f5580000, 0x00000000f5580000)
  object space 349696K, 99% used [0x00000000e0000000,0x00000000f557e358,0x00000000f5580000)
 Metaspace       used 57126K, committed 57984K, reserved 1105920K
  class space    used 5472K, committed 5824K, reserved 1048576K
}
Event: 898.729 GC heap before
{Heap before GC invocations=737 (full 635):
 PSYoungGen      total 36864K, used 25087K [0x00000000f5580000, 0x00000000f8780000, 0x0000000100000000)
  eden space 25088K, 99% used [0x00000000f5580000,0x00000000f6dfffe0,0x00000000f6e00000)
  from space 11776K, 0% used [0x00000000f7a80000,0x00000000f7a80000,0x00000000f8600000)
  to   space 12288K, 0% used [0x00000000f6e00000,0x00000000f6e00000,0x00000000f7a00000)
 ParOldGen       total 349696K, used 349688K [0x00000000e0000000, 0x00000000f5580000, 0x00000000f5580000)
  object space 349696K, 99% used [0x00000000e0000000,0x00000000f557e358,0x00000000f5580000)
 Metaspace       used 57126K, committed 57984K, reserved 1105920K
  class space    used 5472K, committed 5824K, reserved 1048576K
}
Event: 900.103 GC heap after
{Heap after GC invocations=737 (full 635):
 PSYoungGen      total 37376K, used 25087K [0x00000000f5580000, 0x00000000f8780000, 0x0000000100000000)
  eden space 25088K, 99% used [0x00000000f5580000,0x00000000f6dfffe0,0x00000000f6e00000)
  from space 12288K, 0% used [0x00000000f6e00000,0x00000000f6e00000,0x00000000f7a00000)
  to   space 11776K, 0% used [0x00000000f7a80000,0x00000000f7a80000,0x00000000f8600000)
 ParOldGen       total 349696K, used 349688K [0x00000000e0000000, 0x00000000f5580000, 0x00000000f5580000)
  object space 349696K, 99% used [0x00000000e0000000,0x00000000f557e358,0x00000000f5580000)
 Metaspace       used 57126K, committed 57984K, reserved 1105920K
  class space    used 5472K, committed 5824K, reserved 1048576K
}
Event: 900.104 GC heap before
{Heap before GC invocations=738 (full 636):
 PSYoungGen      total 37376K, used 25087K [0x00000000f5580000, 0x00000000f8780000, 0x0000000100000000)
  eden space 25088K, 99% used [0x00000000f5580000,0x00000000f6dffff8,0x00000000f6e00000)
  from space 12288K, 0% used [0x00000000f6e00000,0x00000000f6e00000,0x00000000f7a00000)
  to   space 11776K, 0% used [0x00000000f7a80000,0x00000000f7a80000,0x00000000f8600000)
 ParOldGen       total 349696K, used 349690K [0x00000000e0000000, 0x00000000f5580000, 0x00000000f5580000)
  object space 349696K, 99% used [0x00000000e0000000,0x00000000f557e9f0,0x00000000f5580000)
 Metaspace       used 57126K, committed 57984K, reserved 1105920K
  class space    used 5472K, committed 5824K, reserved 1048576K
}
Event: 901.289 GC heap after
{Heap after GC invocations=738 (full 636):
 PSYoungGen      total 36864K, used 25087K [0x00000000f5580000, 0x00000000f8780000, 0x0000000100000000)
  eden space 25088K, 99% used [0x00000000f5580000,0x00000000f6dfffb0,0x00000000f6e00000)
  from space 11776K, 0% used [0x00000000f7a80000,0x00000000f7a80000,0x00000000f8600000)
  to   space 12288K, 0% used [0x00000000f6e00000,0x00000000f6e00000,0x00000000f7a00000)
 ParOldGen       total 349696K, used 349689K [0x00000000e0000000, 0x00000000f5580000, 0x00000000f5580000)
  object space 349696K, 99% used [0x00000000e0000000,0x00000000f557e440,0x00000000f5580000)
 Metaspace       used 57126K, committed 57984K, reserved 1105920K
  class space    used 5472K, committed 5824K, reserved 1048576K
}
Event: 901.298 GC heap before
{Heap before GC invocations=739 (full 637):
 PSYoungGen      total 36864K, used 25088K [0x00000000f5580000, 0x00000000f8780000, 0x0000000100000000)
  eden space 25088K, 100% used [0x00000000f5580000,0x00000000f6e00000,0x00000000f6e00000)
  from space 11776K, 0% used [0x00000000f7a80000,0x00000000f7a80000,0x00000000f8600000)
  to   space 12288K, 0% used [0x00000000f6e00000,0x00000000f6e00000,0x00000000f7a00000)
 ParOldGen       total 349696K, used 349689K [0x00000000e0000000, 0x00000000f5580000, 0x00000000f5580000)
  object space 349696K, 99% used [0x00000000e0000000,0x00000000f557e440,0x00000000f5580000)
 Metaspace       used 57126K, committed 57984K, reserved 1105920K
  class space    used 5472K, committed 5824K, reserved 1048576K
}
Event: 902.630 GC heap after
{Heap after GC invocations=739 (full 637):
 PSYoungGen      total 37376K, used 25088K [0x00000000f5580000, 0x00000000f8780000, 0x0000000100000000)
  eden space 25088K, 100% used [0x00000000f5580000,0x00000000f6e00000,0x00000000f6e00000)
  from space 12288K, 0% used [0x00000000f6e00000,0x00000000f6e00000,0x00000000f7a00000)
  to   space 11776K, 0% used [0x00000000f7a80000,0x00000000f7a80000,0x00000000f8600000)
 ParOldGen       total 349696K, used 349689K [0x00000000e0000000, 0x00000000f5580000, 0x00000000f5580000)
  object space 349696K, 99% used [0x00000000e0000000,0x00000000f557e440,0x00000000f5580000)
 Metaspace       used 57126K, committed 57984K, reserved 1105920K
  class space    used 5472K, committed 5824K, reserved 1048576K
}
Event: 902.634 GC heap before
{Heap before GC invocations=740 (full 638):
 PSYoungGen      total 37376K, used 25088K [0x00000000f5580000, 0x00000000f8780000, 0x0000000100000000)
  eden space 25088K, 100% used [0x00000000f5580000,0x00000000f6e00000,0x00000000f6e00000)
  from space 12288K, 0% used [0x00000000f6e00000,0x00000000f6e00000,0x00000000f7a00000)
  to   space 11776K, 0% used [0x00000000f7a80000,0x00000000f7a80000,0x00000000f8600000)
 ParOldGen       total 349696K, used 349690K [0x00000000e0000000, 0x00000000f5580000, 0x00000000f5580000)
  object space 349696K, 99% used [0x00000000e0000000,0x00000000f557e948,0x00000000f5580000)
 Metaspace       used 57126K, committed 57984K, reserved 1105920K
  class space    used 5472K, committed 5824K, reserved 1048576K
}
Event: 903.999 GC heap after
{Heap after GC invocations=740 (full 638):
 PSYoungGen      total 36864K, used 25088K [0x00000000f5580000, 0x00000000f8780000, 0x0000000100000000)
  eden space 25088K, 100% used [0x00000000f5580000,0x00000000f6e00000,0x00000000f6e00000)
  from space 11776K, 0% used [0x00000000f7a80000,0x00000000f7a80000,0x00000000f8600000)
  to   space 12288K, 0% used [0x00000000f6e00000,0x00000000f6e00000,0x00000000f7a00000)
 ParOldGen       total 349696K, used 349689K [0x00000000e0000000, 0x00000000f5580000, 0x00000000f5580000)
  object space 349696K, 99% used [0x00000000e0000000,0x00000000f557e738,0x00000000f5580000)
 Metaspace       used 57126K, committed 57984K, reserved 1105920K
  class space    used 5472K, committed 5824K, reserved 1048576K
}
Event: 904.004 GC heap before
{Heap before GC invocations=741 (full 639):
 PSYoungGen      total 36864K, used 25088K [0x00000000f5580000, 0x00000000f8780000, 0x0000000100000000)
  eden space 25088K, 100% used [0x00000000f5580000,0x00000000f6e00000,0x00000000f6e00000)
  from space 11776K, 0% used [0x00000000f7a80000,0x00000000f7a80000,0x00000000f8600000)
  to   space 12288K, 0% used [0x00000000f6e00000,0x00000000f6e00000,0x00000000f7a00000)
 ParOldGen       total 349696K, used 349694K [0x00000000e0000000, 0x00000000f5580000, 0x00000000f5580000)
  object space 349696K, 99% used [0x00000000e0000000,0x00000000f557fb50,0x00000000f5580000)
 Metaspace       used 57126K, committed 57984K, reserved 1105920K
  class space    used 5472K, committed 5824K, reserved 1048576K
}
Event: 905.243 GC heap after
{Heap after GC invocations=741 (full 639):
 PSYoungGen      total 37376K, used 25088K [0x00000000f5580000, 0x00000000f8780000, 0x0000000100000000)
  eden space 25088K, 100% used [0x00000000f5580000,0x00000000f6e00000,0x00000000f6e00000)
  from space 12288K, 0% used [0x00000000f6e00000,0x00000000f6e00000,0x00000000f7a00000)
  to   space 11776K, 0% used [0x00000000f7a80000,0x00000000f7a80000,0x00000000f8600000)
 ParOldGen       total 349696K, used 349693K [0x00000000e0000000, 0x00000000f5580000, 0x00000000f5580000)
  object space 349696K, 99% used [0x00000000e0000000,0x00000000f557f630,0x00000000f5580000)
 Metaspace       used 57126K, committed 57984K, reserved 1105920K
  class space    used 5472K, committed 5824K, reserved 1048576K
}
Event: 905.244 GC heap before
{Heap before GC invocations=742 (full 640):
 PSYoungGen      total 37376K, used 25088K [0x00000000f5580000, 0x00000000f8780000, 0x0000000100000000)
  eden space 25088K, 100% used [0x00000000f5580000,0x00000000f6e00000,0x00000000f6e00000)
  from space 12288K, 0% used [0x00000000f6e00000,0x00000000f6e00000,0x00000000f7a00000)
  to   space 11776K, 0% used [0x00000000f7a80000,0x00000000f7a80000,0x00000000f8600000)
 ParOldGen       total 349696K, used 349693K [0x00000000e0000000, 0x00000000f5580000, 0x00000000f5580000)
  object space 349696K, 99% used [0x00000000e0000000,0x00000000f557f6e0,0x00000000f5580000)
 Metaspace       used 57126K, committed 57984K, reserved 1105920K
  class space    used 5472K, committed 5824K, reserved 1048576K
}
Event: 906.734 GC heap after
{Heap after GC invocations=742 (full 640):
 PSYoungGen      total 36864K, used 25088K [0x00000000f5580000, 0x00000000f8780000, 0x0000000100000000)
  eden space 25088K, 100% used [0x00000000f5580000,0x00000000f6e00000,0x00000000f6e00000)
  from space 11776K, 0% used [0x00000000f7a80000,0x00000000f7a80000,0x00000000f8600000)
  to   space 12288K, 0% used [0x00000000f6e00000,0x00000000f6e00000,0x00000000f7a00000)
 ParOldGen       total 349696K, used 349693K [0x00000000e0000000, 0x00000000f5580000, 0x00000000f5580000)
  object space 349696K, 99% used [0x00000000e0000000,0x00000000f557f630,0x00000000f5580000)
 Metaspace       used 57126K, committed 57984K, reserved 1105920K
  class space    used 5472K, committed 5824K, reserved 1048576K
}
Event: 906.734 GC heap before
{Heap before GC invocations=743 (full 641):
 PSYoungGen      total 36864K, used 25088K [0x00000000f5580000, 0x00000000f8780000, 0x0000000100000000)
  eden space 25088K, 100% used [0x00000000f5580000,0x00000000f6e00000,0x00000000f6e00000)
  from space 11776K, 0% used [0x00000000f7a80000,0x00000000f7a80000,0x00000000f8600000)
  to   space 12288K, 0% used [0x00000000f6e00000,0x00000000f6e00000,0x00000000f7a00000)
 ParOldGen       total 349696K, used 349693K [0x00000000e0000000, 0x00000000f5580000, 0x00000000f5580000)
  object space 349696K, 99% used [0x00000000e0000000,0x00000000f557f630,0x00000000f5580000)
 Metaspace       used 57126K, committed 57984K, reserved 1105920K
  class space    used 5472K, committed 5824K, reserved 1048576K
}
Event: 908.134 GC heap after
{Heap after GC invocations=743 (full 641):
 PSYoungGen      total 37376K, used 25088K [0x00000000f5580000, 0x00000000f8780000, 0x0000000100000000)
  eden space 25088K, 100% used [0x00000000f5580000,0x00000000f6e00000,0x00000000f6e00000)
  from space 12288K, 0% used [0x00000000f6e00000,0x00000000f6e00000,0x00000000f7a00000)
  to   space 11776K, 0% used [0x00000000f7a80000,0x00000000f7a80000,0x00000000f8600000)
 ParOldGen       total 349696K, used 349693K [0x00000000e0000000, 0x00000000f5580000, 0x00000000f5580000)
  object space 349696K, 99% used [0x00000000e0000000,0x00000000f557f5f0,0x00000000f5580000)
 Metaspace       used 57126K, committed 57984K, reserved 1105920K
  class space    used 5472K, committed 5824K, reserved 1048576K
}

Dll operation events (9 events):
Event: 0.003 Loaded shared library /nix/store/gpxl5qgg8kicmcvivwmybwjlpf7wh20l-graalvm17-ce-22.3.0/lib/libjava.so
Event: 0.011 Loaded shared library /nix/store/gpxl5qgg8kicmcvivwmybwjlpf7wh20l-graalvm17-ce-22.3.0/lib/libjsvml.so
Event: 0.306 Loaded shared library /nix/store/gpxl5qgg8kicmcvivwmybwjlpf7wh20l-graalvm17-ce-22.3.0/lib/libnio.so
Event: 0.309 Loaded shared library /nix/store/gpxl5qgg8kicmcvivwmybwjlpf7wh20l-graalvm17-ce-22.3.0/lib/libzip.so
Event: 0.313 Loaded shared library /nix/store/gpxl5qgg8kicmcvivwmybwjlpf7wh20l-graalvm17-ce-22.3.0/lib/libjvmcicompiler.so
Event: 0.799 Loaded shared library /nix/store/gpxl5qgg8kicmcvivwmybwjlpf7wh20l-graalvm17-ce-22.3.0/lib/libjimage.so
Event: 1.316 Loaded shared library /nix/store/gpxl5qgg8kicmcvivwmybwjlpf7wh20l-graalvm17-ce-22.3.0/lib/libnet.so
Event: 4.414 Loaded shared library /home/runner/.cache/jdt-language-server/config/org.eclipse.equinox.launcher/org.eclipse.equinox.launcher.gtk.linux.x86_64_1.2.400.v20211117-0650/eclipse_11600.so
Event: 13.383 Loaded shared library /nix/store/gpxl5qgg8kicmcvivwmybwjlpf7wh20l-graalvm17-ce-22.3.0/lib/libextnet.so

Deoptimization events (20 events):
Event: 69.911 Thread 0x00007f5eac48b270 DEOPT PACKING pc=0x00007f5f006272dd sp=0x00007f5ec4ffe530
Event: 69.911 Thread 0x00007f5eac48b270 DEOPT UNPACKING pc=0x00007f5eff505325 sp=0x00007f5ec4ffda20 mode 0
Event: 69.913 Thread 0x00007f5eac48b270 DEOPT PACKING pc=0x00007f5f006272dd sp=0x00007f5ec4ffe530
Event: 69.913 Thread 0x00007f5eac48b270 DEOPT UNPACKING pc=0x00007f5eff505325 sp=0x00007f5ec4ffda20 mode 0
Event: 69.915 Thread 0x00007f5eac48b270 DEOPT PACKING pc=0x00007f5f006272dd sp=0x00007f5ec4ffe530
Event: 69.915 Thread 0x00007f5eac48b270 DEOPT UNPACKING pc=0x00007f5eff505325 sp=0x00007f5ec4ffda20 mode 0
Event: 69.916 Thread 0x00007f5eac48b270 DEOPT PACKING pc=0x00007f5f006272dd sp=0x00007f5ec4ffe530
Event: 69.916 Thread 0x00007f5eac48b270 DEOPT UNPACKING pc=0x00007f5eff505325 sp=0x00007f5ec4ffda20 mode 0
Event: 69.919 Thread 0x00007f5eac48b270 DEOPT PACKING pc=0x00007f5f006272dd sp=0x00007f5ec4ffe530
Event: 69.919 Thread 0x00007f5eac48b270 DEOPT UNPACKING pc=0x00007f5eff505325 sp=0x00007f5ec4ffda20 mode 0
Event: 69.920 Thread 0x00007f5eac48b270 DEOPT PACKING pc=0x00007f5f006272dd sp=0x00007f5ec4ffe530
Event: 69.920 Thread 0x00007f5eac48b270 DEOPT UNPACKING pc=0x00007f5eff505325 sp=0x00007f5ec4ffda20 mode 0
Event: 69.921 Thread 0x00007f5eac48b270 DEOPT PACKING pc=0x00007f5f006272dd sp=0x00007f5ec4ffe530
Event: 69.922 Thread 0x00007f5eac48b270 DEOPT UNPACKING pc=0x00007f5eff505325 sp=0x00007f5ec4ffda20 mode 0
Event: 69.923 Thread 0x00007f5eac48b270 DEOPT PACKING pc=0x00007f5f006272dd sp=0x00007f5ec4ffe530
Event: 69.923 Thread 0x00007f5eac48b270 DEOPT UNPACKING pc=0x00007f5eff505325 sp=0x00007f5ec4ffda20 mode 0
Event: 608.799 Thread 0x00007f5e64097620 Uncommon trap: trap_request=0xffffffcd fr.pc=0x00007f5f071a75f4 relative=0x0000000000000074
Event: 608.799 Thread 0x00007f5e64097620 Uncommon trap: reason=intrinsic_or_type_checked_inlining action=reinterpret pc=0x00007f5f071a75f4 method=java.util.stream.ReferencePipeline$2$1.begin(J)V @ 0 jvmci
Event: 608.799 Thread 0x00007f5e64097620 DEOPT PACKING pc=0x00007f5f071a75f4 sp=0x00007f5ec51fdef0
Event: 608.799 Thread 0x00007f5e64097620 DEOPT UNPACKING pc=0x00007f5eff505325 sp=0x00007f5ec51fd380 mode 3

Classes unloaded (20 events):
Event: 80.894 Thread 0x00007f5f180a1bf0 Unloading class 0x0000000800d98400 'java/lang/invoke/LambdaForm$MH+0x0000000800d98400'
Event: 80.894 Thread 0x00007f5f180a1bf0 Unloading class 0x0000000800d98000 'jdk/internal/reflect/GeneratedConstructorAccessor3'
Event: 80.894 Thread 0x00007f5f180a1bf0 Unloading class 0x0000000800d06800 'java/lang/invoke/LambdaForm$MH+0x0000000800d06800'
Event: 80.894 Thread 0x00007f5f180a1bf0 Unloading class 0x0000000800d06000 'java/lang/invoke/LambdaForm$MH+0x0000000800d06000'
Event: 80.894 Thread 0x00007f5f180a1bf0 Unloading class 0x0000000800d05c00 'java/lang/invoke/LambdaForm$MH+0x0000000800d05c00'
Event: 80.894 Thread 0x00007f5f180a1bf0 Unloading class 0x0000000800d05800 'java/lang/invoke/LambdaForm$MH+0x0000000800d05800'
Event: 80.894 Thread 0x00007f5f180a1bf0 Unloading class 0x0000000800d05000 'java/lang/invoke/LambdaForm$MH+0x0000000800d05000'
Event: 80.894 Thread 0x00007f5f180a1bf0 Unloading class 0x0000000800d04c00 'java/lang/invoke/LambdaForm$MH+0x0000000800d04c00'
Event: 80.894 Thread 0x00007f5f180a1bf0 Unloading class 0x0000000800d04800 'java/lang/invoke/LambdaForm$MH+0x0000000800d04800'
Event: 80.894 Thread 0x00007f5f180a1bf0 Unloading class 0x0000000800d04000 'java/lang/invoke/LambdaForm$MH+0x0000000800d04000'
Event: 80.894 Thread 0x00007f5f180a1bf0 Unloading class 0x0000000800c1d000 'jdk/internal/reflect/GeneratedMethodAccessor5'
Event: 80.894 Thread 0x00007f5f180a1bf0 Unloading class 0x0000000800c1cc00 'jdk/internal/reflect/GeneratedMethodAccessor4'
Event: 80.894 Thread 0x00007f5f180a1bf0 Unloading class 0x0000000800c1c800 'jdk/internal/reflect/GeneratedMethodAccessor3'
Event: 80.894 Thread 0x00007f5f180a1bf0 Unloading class 0x0000000800c1c400 'jdk/internal/reflect/GeneratedMethodAccessor2'
Event: 80.894 Thread 0x00007f5f180a1bf0 Unloading class 0x0000000800c1c000 'jdk/internal/reflect/GeneratedMethodAccessor1'
Event: 80.894 Thread 0x00007f5f180a1bf0 Unloading class 0x0000000800c01c00 'java/lang/invoke/LambdaForm$DMH+0x0000000800c01c00'
Event: 801.289 Thread 0x00007f5f180a1bf0 Unloading class 0x0000000800ee1000 'jdk/internal/reflect/GeneratedSerializationConstructorAccessor7'
Event: 859.345 Thread 0x00007f5f180a1bf0 Unloading class 0x0000000800ee1000 'jdk/internal/reflect/GeneratedSerializationConstructorAccessor8'
Event: 859.345 Thread 0x00007f5f180a1bf0 Unloading class 0x00000008011acc00 'jdk/internal/reflect/GeneratedSerializationConstructorAccessor6'
Event: 859.345 Thread 0x00007f5f180a1bf0 Unloading class 0x00000008011b4400 'jdk/internal/reflect/GeneratedSerializationConstructorAccessor5'

Classes redefined (0 events):
No events

Internal exceptions (20 events):
Event: 43.492 Thread 0x00007f5e7c036cf0 Exception <a 'sun/nio/fs/UnixException'{0x00000000f563baf8}> (0x00000000f563baf8) 
thrown [src/hotspot/share/prims/jni.cpp, line 516]
Event: 43.607 Thread 0x00007f5e7c036cf0 Exception <a 'sun/nio/fs/UnixException'{0x00000000f5f06868}> (0x00000000f5f06868) 
thrown [src/hotspot/share/prims/jni.cpp, line 516]
Event: 43.608 Thread 0x00007f5e7c036cf0 Exception <a 'sun/nio/fs/UnixException'{0x00000000f5f59570}> (0x00000000f5f59570) 
thrown [src/hotspot/share/prims/jni.cpp, line 516]
Event: 43.621 Thread 0x00007f5e94001340 Exception <a 'java/lang/NoSuchMethodError'{0x00000000f5f70f50}: 'java.lang.Object java.lang.invoke.DirectMethodHandle$Holder.invokeStatic(java.lang.Object, java.lang.Object, java.lang.Object, long)'> (0x00000000f5f70f50) 
thrown [src/hotspot/share/interpreter/linkResolver.cpp, line 758]
Event: 43.622 Thread 0x00007f5e94001340 Exception <a 'java/lang/NoSuchMethodError'{0x00000000f60d9618}: 'java.lang.Object java.lang.invoke.DirectMethodHandle$Holder.newInvokeSpecial(java.lang.Object, java.lang.Object, java.lang.Object, long)'> (0x00000000f60d9618) 
thrown [src/hotspot/share/interpreter/linkResolver.cpp, line 758]
Event: 43.623 Thread 0x00007f5e94001340 Exception <a 'java/lang/NoSuchMethodError'{0x00000000f60ddc00}: 'java.lang.Object java.lang.invoke.DirectMethodHandle$Holder.invokeSpecial(java.lang.Object, java.lang.Object, java.lang.Object, java.lang.Object, long)'> (0x00000000f60ddc00) 
thrown [src/hotspot/share/interpreter/linkResolver.cpp, line 758]
Event: 43.623 Thread 0x00007f5e94001340 Exception <a 'java/lang/NoSuchMethodError'{0x00000000f60e1a08}: 'java.lang.Object java.lang.invoke.Invokers$Holder.linkToTargetMethod(java.lang.Object, java.lang.Object, long, java.lang.Object)'> (0x00000000f60e1a08) 
thrown [src/hotspot/share/interpreter/linkResolver.cpp, line 758]
Event: 44.994 Thread 0x00007f5e88166d40 Exception <a 'java/lang/NoSuchMethodError'{0x00000000f595b2c8}: 'java.lang.Object java.lang.invoke.DirectMethodHandle$Holder.invokeStatic(java.lang.Object, int, java.lang.Object, java.lang.Object, java.lang.Object, java.lang.Object)'> (0x00000000f595b2c8) 
thrown [src/hotspot/share/interpreter/linkResolver.cpp, line 758]
Event: 45.096 Thread 0x00007f5e881632e0 Exception <a 'java/lang/NoSuchMethodError'{0x00000000f5c25e40}: 'java.lang.Object java.lang.invoke.DirectMethodHandle$Holder.invokeSpecial(java.lang.Object, java.lang.Object, int, java.lang.Object, java.lang.Object, java.lang.Object, java.lang.Object, java.lang.Object)'> (0x00000000f5c25e40) 
thrown [src/hotspot/share/interpreter/linkResolver.cpp, line 758]
Event: 45.494 Thread 0x00007f5e88162a10 Exception <a 'java/lang/NoSuchMethodError'{0x00000000f5a79530}: 'void java.lang.invoke.DirectMethodHandle$Holder.invokeSpecial(java.lang.Object, java.lang.Object, int)'> (0x00000000f5a79530) 
thrown [src/hotspot/share/interpreter/linkResolver.cpp, line 758]
Event: 46.098 Thread 0x00007f5e88164990 Exception <a 'java/lang/NoSuchMethodError'{0x00000000f58ff618}: 'int java.lang.invoke.DirectMethodHandle$Holder.invokeStatic(java.lang.Object, int, int, java.lang.Object)'> (0x00000000f58ff618) 
thrown [src/hotspot/share/interpreter/linkResolver.cpp, line 758]
Event: 46.407 Thread 0x00007f5e88164990 Exception <a 'java/lang/NoSuchMethodError'{0x00000000f68e54d8}: 'int java.lang.invoke.DirectMethodHandle$Holder.invokeSpecialIFC(java.lang.Object, java.lang.Object, java.lang.Object, java.lang.Object)'> (0x00000000f68e54d8) 
thrown [src/hotspot/share/interpreter/linkResolver.cpp, line 758]
Event: 47.899 Thread 0x00007f5eac30d220 Implicit null exception at 0x00007f5f070b7cbf to 0x00007f5f070b7e03
Event: 48.804 Thread 0x00007f5e7c000ff0 Exception <a 'java/lang/NoSuchMethodError'{0x00000000f55bc238}: 'java.lang.Object java.lang.invoke.DirectMethodHandle$Holder.newInvokeSpecial(java.lang.Object, java.lang.Object, java.lang.Object, int, java.lang.Object)'> (0x00000000f55bc238) 
thrown [src/hotspot/share/interpreter/linkResolver.cpp, line 758]
Event: 48.805 Thread 0x00007f5e7c000ff0 Exception <a 'java/lang/NoSuchMethodError'{0x00000000f55d4858}: 'java.lang.Object java.lang.invoke.DirectMethodHandle$Holder.invokeSpecial(java.lang.Object, java.lang.Object, java.lang.Object, java.lang.Object, int, java.lang.Object)'> (0x00000000f55d4858) 
thrown [src/hotspot/share/interpreter/linkResolver.cpp, line 758]
Event: 48.805 Thread 0x00007f5e7c000ff0 Exception <a 'java/lang/NoSuchMethodError'{0x00000000f55ee030}: 'java.lang.Object java.lang.invoke.Invokers$Holder.linkToTargetMethod(java.lang.Object, java.lang.Object, int, java.lang.Object, java.lang.Object)'> (0x00000000f55ee030) 
thrown [src/hotspot/share/interpreter/linkResolver.cpp, line 758]
Event: 48.814 Thread 0x00007f5e7c000ff0 Exception <a 'java/lang/NoSuchMethodError'{0x00000000f572bce0}: 'java.lang.Object java.lang.invoke.DirectMethodHandle$Holder.invokeStatic(java.lang.Object, java.lang.Object, int, java.lang.Object)'> (0x00000000f572bce0) 
thrown [src/hotspot/share/interpreter/linkResolver.cpp, line 758]
Event: 48.815 Thread 0x00007f5e7c000ff0 Exception <a 'java/lang/NoSuchMethodError'{0x00000000f5734e30}: 'java.lang.Object java.lang.invoke.DirectMethodHandle$Holder.newInvokeSpecial(java.lang.Object, java.lang.Object, int)'> (0x00000000f5734e30) 
thrown [src/hotspot/share/interpreter/linkResolver.cpp, line 758]
Event: 857.032 Thread 0x00007f5e7c036cf0 Exception <a 'java/lang/OutOfMemoryError'{0x00000000e000faf0}> (0x00000000e000faf0) 
thrown [src/hotspot/share/gc/shared/memAllocator.cpp, line 136]
Event: 908.192 Thread 0x00007f5f180b21e0 Exception <a 'java/lang/OutOfMemoryError'{0x00000000e000fdc0}> (0x00000000e000fdc0) 
thrown [src/hotspot/share/gc/shared/memAllocator.cpp, line 136]

VM Operations (20 events):
Event: 893.399 Executing VM operation: ParallelGCFailedAllocation
Event: 894.821 Executing VM operation: ParallelGCFailedAllocation done
Event: 894.821 Executing VM operation: ParallelGCFailedAllocation
Event: 896.125 Executing VM operation: ParallelGCFailedAllocation done
Event: 896.126 Executing VM operation: ParallelGCFailedAllocation
Event: 897.412 Executing VM operation: ParallelGCFailedAllocation done
Event: 897.414 Executing VM operation: ParallelGCFailedAllocation
Event: 898.725 Executing VM operation: ParallelGCFailedAllocation done
Event: 898.725 Executing VM operation: ParallelGCFailedAllocation
Event: 900.103 Executing VM operation: ParallelGCFailedAllocation done
Event: 900.104 Executing VM operation: ParallelGCFailedAllocation
Event: 901.289 Executing VM operation: ParallelGCFailedAllocation done
Event: 901.290 Executing VM operation: ParallelGCFailedAllocation
Event: 902.630 Executing VM operation: ParallelGCFailedAllocation done
Event: 902.631 Executing VM operation: ParallelGCFailedAllocation
Event: 903.999 Executing VM operation: ParallelGCFailedAllocation done
Event: 904.003 Executing VM operation: ParallelGCFailedAllocation
Event: 905.243 Executing VM operation: ParallelGCFailedAllocation done
Event: 905.243 Executing VM operation: ParallelGCFailedAllocation
Event: 908.191 Executing VM operation: ParallelGCFailedAllocation done

Events (20 events):
Event: 64.020 Thread 0x00007f5f180b4b40 flushing nmethod 0x00007f5f002cd910
Event: 64.021 Thread 0x00007f5f180b4b40 flushing nmethod 0x00007f5f0035dc10
Event: 64.021 Thread 0x00007f5f180b4b40 flushing nmethod 0x00007f5f003f5510
Event: 64.023 Thread 0x00007f5f180b4b40 flushing nmethod 0x00007f5f0061de10
Event: 64.023 Thread 0x00007f5f180b4b40 flushing nmethod 0x00007f5f0072e990
Event: 64.025 Thread 0x00007f5f180b4b40 flushing nmethod 0x00007f5f008c3290
Event: 104.618 Thread 0x00007f5e84001130 Thread exited: 0x00007f5e84001130
Event: 114.052 Thread 0x00007f5e94001340 Thread exited: 0x00007f5e94001340
Event: 114.054 Thread 0x00007f5e7c000ff0 Thread exited: 0x00007f5e7c000ff0
Event: 114.055 Thread 0x00007f5ea00010d0 Thread exited: 0x00007f5ea00010d0
Event: 319.928 Thread 0x00007f5e64018fa0 Thread added: 0x00007f5e64018fa0
Event: 319.928 Protecting memory [0x00007f5ec5000000,0x00007f5ec5004000] with protection modes 0
Event: 354.728 Thread 0x00007f5e6403d270 Thread added: 0x00007f5e6403d270
Event: 354.728 Protecting memory [0x00007f5ec4300000,0x00007f5ec4304000] with protection modes 0
Event: 361.656 Thread 0x00007f5eac30d220 Thread exited: 0x00007f5eac30d220
Event: 603.224 Thread 0x00007f5e64097620 Thread added: 0x00007f5e64097620
Event: 603.224 Protecting memory [0x00007f5ec5100000,0x00007f5ec5104000] with protection modes 0
Event: 608.800 Thread 0x00007f5e64097620 Thread exited: 0x00007f5e64097620
Event: 859.899 loading class java/lang/AssertionError
Event: 859.899 loading class java/lang/AssertionError done


Dynamic libraries:
e0000000-f5580000 rw-p 00000000 00:00 0 
f5580000-f8780000 rw-p 00000000 00:00 0 
f8780000-100000000 ---p 00000000 00:00 0 
800000000-800449000 rw-p 00001000 00:86d 4611686019135357769             /nix/store/gpxl5qgg8kicmcvivwmybwjlpf7wh20l-graalvm17-ce-22.3.0/lib/server/classes.jsa
800449000-800bc8000 r--p 0044a000 00:86d 4611686019135357769             /nix/store/gpxl5qgg8kicmcvivwmybwjlpf7wh20l-graalvm17-ce-22.3.0/lib/server/classes.jsa
800bc8000-800c00000 ---p 00000000 00:00 0 
800c00000-800c20000 rw-p 00000000 00:00 0 
800c20000-800c40000 rw-p 00000000 00:00 0 
800c40000-800cc0000 rw-p 00000000 00:00 0 
800cc0000-800d00000 rw-p 00000000 00:00 0 
800d00000-800dc0000 rw-p 00000000 00:00 0 
800dc0000-800e00000 rw-p 00000000 00:00 0 
800e00000-800f40000 rw-p 00000000 00:00 0 
800f40000-800fc0000 rw-p 00000000 00:00 0 
800fc0000-800ff0000 rw-p 00000000 00:00 0 
800ff0000-801000000 ---p 00000000 00:00 0 
801000000-8011c0000 rw-p 00000000 00:00 0 
8011c0000-840c00000 ---p 00000000 00:00 0 
5647e7fd1000-5647e7fd2000 r-xp 00000000 00:86d 4611686019099417844       /nix/store/gpxl5qgg8kicmcvivwmybwjlpf7wh20l-graalvm17-ce-22.3.0/bin/.java-wrapped
5647e7fd3000-5647e7fd4000 r--p 00001000 00:86d 4611686019099417844       /nix/store/gpxl5qgg8kicmcvivwmybwjlpf7wh20l-graalvm17-ce-22.3.0/bin/.java-wrapped
5647e7fd4000-5647e7fd5000 rw-p 00002000 00:86d 4611686019099417844       /nix/store/gpxl5qgg8kicmcvivwmybwjlpf7wh20l-graalvm17-ce-22.3.0/bin/.java-wrapped
5647e7fd5000-5647e7fd6000 rw-p 00004000 00:86d 4611686019099417844       /nix/store/gpxl5qgg8kicmcvivwmybwjlpf7wh20l-graalvm17-ce-22.3.0/bin/.java-wrapped
5647e7fd6000-5647e7fd7000 rw-p 00005000 00:86d 4611686019099417844       /nix/store/gpxl5qgg8kicmcvivwmybwjlpf7wh20l-graalvm17-ce-22.3.0/bin/.java-wrapped
5647e8130000-5647e8178000 rw-p 00000000 00:00 0                          [heap]
7f5e4f000000-7f5e4f240000 rw-p 00000000 00:00 0 
7f5e4f240000-7f5e4f2c0000 rw-p 00000000 00:00 0 
7f5e4f2c0000-7f5e4f310000 rw-p 00000000 00:00 0 
7f5e4f310000-7f5e4f800000 ---p 00000000 00:00 0 
7f5e50000000-7f5e5005c000 rw-p 00000000 00:00 0 
7f5e5005c000-7f5e54000000 ---p 00000000 00:00 0 
7f5e54000000-7f5e54021000 rw-p 00000000 00:00 0 
7f5e54021000-7f5e58000000 ---p 00000000 00:00 0 
7f5e58000000-7f5e58066000 rw-p 00000000 00:00 0 
7f5e58066000-7f5e5c000000 ---p 00000000 00:00 0 
7f5e5c000000-7f5e5c035000 rw-p 00000000 00:00 0 
7f5e5c035000-7f5e60000000 ---p 00000000 00:00 0 
7f5e60000000-7f5e60049000 rw-p 00000000 00:00 0 
7f5e60049000-7f5e64000000 ---p 00000000 00:00 0 
7f5e64000000-7f5e640a9000 rw-p 00000000 00:00 0 
7f5e640a9000-7f5e68000000 ---p 00000000 00:00 0 
7f5e6c000000-7f5e6c03c000 rw-p 00000000 00:00 0 
7f5e6c03c000-7f5e70000000 ---p 00000000 00:00 0 
7f5e70c00000-7f5e71400000 rw-p 00000000 00:00 0 
7f5e714b3000-7f5e7b000000 r--s 00000000 00:86d 4611686019135192581       /nix/store/gpxl5qgg8kicmcvivwmybwjlpf7wh20l-graalvm17-ce-22.3.0/lib/modules
7f5e7b000000-7f5e7b500000 rw-p 00000000 00:00 0 
7f5e7b500000-7f5e7b5e0000 rw-p 00000000 00:00 0 
7f5e7b5e0000-7f5e7b600000 ---p 00000000 00:00 0 
7f5e7b600000-7f5e7b700000 rw-p 00000000 00:00 0 
7f5e7b700000-7f5e7b800000 rw-p 00000000 00:00 0 
7f5e7b800000-7f5e7b880000 rw-p 00000000 00:00 0 
7f5e7b880000-7f5e7b900000 rw-p 00000000 00:00 0 
7f5e7b900000-7f5e7bb00000 rw-p 00000000 00:00 0 
7f5e7bb00000-7f5e7bd00000 rw-p 00000000 00:00 0 
7f5e7bd00000-7f5e7be00000 rw-p 00000000 00:00 0 
7f5e7be00000-7f5e7c000000 rw-p 00000000 00:00 0 
7f5e7c000000-7f5e7c069000 rw-p 00000000 00:00 0 
7f5e7c069000-7f5e80000000 ---p 00000000 00:00 0 
7f5e80000000-7f5e800d6000 rw-p 00000000 00:00 0 
7f5e800d6000-7f5e84000000 ---p 00000000 00:00 0 
7f5e84000000-7f5e84147000 rw-p 00000000 00:00 0 
7f5e84147000-7f5e88000000 ---p 00000000 00:00 0 
7f5e88000000-7f5e8817b000 rw-p 00000000 00:00 0 
7f5e8817b000-7f5e8c000000 ---p 00000000 00:00 0 
7f5e8c000000-7f5e8c021000 rw-p 00000000 00:00 0 
7f5e8c021000-7f5e90000000 ---p 00000000 00:00 0 
7f5e90000000-7f5e90021000 rw-p 00000000 00:00 0 
7f5e90021000-7f5e94000000 ---p 00000000 00:00 0 
7f5e94000000-7f5e94346000 rw-p 00000000 00:00 0 
7f5e94346000-7f5e98000000 ---p 00000000 00:00 0 
7f5e98000000-7f5e9805d000 rw-p 00000000 00:00 0 
7f5e9805d000-7f5e9c000000 ---p 00000000 00:00 0 
7f5e9c000000-7f5e9c021000 rw-p 00000000 00:00 0 
7f5e9c021000-7f5ea0000000 ---p 00000000 00:00 0 
7f5ea0000000-7f5ea0041000 rw-p 00000000 00:00 0 
7f5ea0041000-7f5ea4000000 ---p 00000000 00:00 0 
7f5ea4000000-7f5ea4021000 rw-p 00000000 00:00 0 
7f5ea4021000-7f5ea8000000 ---p 00000000 00:00 0 
7f5ea8000000-7f5ea807b000 rw-p 00000000 00:00 0 
7f5ea807b000-7f5eac000000 ---p 00000000 00:00 0 
7f5eac000000-7f5eac8c3000 rw-p 00000000 00:00 0 
7f5eac8c3000-7f5eb0000000 ---p 00000000 00:00 0 
7f5eb0000000-7f5eb002d000 rw-p 00000000 00:00 0 
7f5eb002d000-7f5eb4000000 ---p 00000000 00:00 0 
7f5eb4000000-7f5eb4021000 rw-p 00000000 00:00 0 
7f5eb4021000-7f5eb8000000 ---p 00000000 00:00 0 
7f5eb8000000-7f5eb8021000 rw-p 00000000 00:00 0 
7f5eb8021000-7f5ebc000000 ---p 00000000 00:00 0 
7f5ebc000000-7f5ebc021000 rw-p 00000000 00:00 0 
7f5ebc021000-7f5ec0000000 ---p 00000000 00:00 0 
7f5ec0400000-7f5ec0500000 rw-p 00000000 00:00 0 
7f5ec0500000-7f5ec0600000 rw-p 00000000 00:00 0 
7f5ec0600000-7f5ec0b80000 rw-p 00000000 00:00 0 
7f5ec0b80000-7f5ec0c00000 rw-p 00000000 00:00 0 
7f5ec0c00000-7f5ec0d00000 rw-p 00000000 00:00 0 
7f5ec0d00000-7f5ec0e00000 rw-p 00000000 00:00 0 
7f5ec0e00000-7f5ec1100000 rw-p 00000000 00:00 0 
7f5ec1100000-7f5ec1200000 rw-p 00000000 00:00 0 
7f5ec1200000-7f5ec1400000 rw-p 00000000 00:00 0 
7f5ec2200000-7f5ec2210000 r-xp 00000000 00:86a 353                       /home/runner/.cache/jdt-language-server/config/org.eclipse.equinox.launcher/org.eclipse.equinox.launcher.gtk.linux.x86_64_1.2.400.v20211117-0650/eclipse_11600.so
7f5ec2210000-7f5ec240f000 ---p 00010000 00:86a 353                       /home/runner/.cache/jdt-language-server/config/org.eclipse.equinox.launcher/org.eclipse.equinox.launcher.gtk.linux.x86_64_1.2.400.v20211117-0650/eclipse_11600.so
7f5ec240f000-7f5ec2410000 r--p 0000f000 00:86a 353                       /home/runner/.cache/jdt-language-server/config/org.eclipse.equinox.launcher/org.eclipse.equinox.launcher.gtk.linux.x86_64_1.2.400.v20211117-0650/eclipse_11600.so
7f5ec2410000-7f5ec2411000 rw-p 00010000 00:86a 353                       /home/runner/.cache/jdt-language-server/config/org.eclipse.equinox.launcher/org.eclipse.equinox.launcher.gtk.linux.x86_64_1.2.400.v20211117-0650/eclipse_11600.so
7f5ec2900000-7f5ec2a00000 ---p 00000000 00:00 0 
7f5ec2a00000-7f5ec2faf000 r--p 01122000 00:86d 4611686019135190040       /nix/store/gpxl5qgg8kicmcvivwmybwjlpf7wh20l-graalvm17-ce-22.3.0/lib/libjvmcicompiler.so
7f5ec2faf000-7f5ec3100000 r--p 00000000 00:00 0 
7f5ec3100000-7f5ec313d000 rw-p 00000000 00:00 0 
7f5ec313d000-7f5ec365d000 rw-p 0185f000 00:86d 4611686019135190040       /nix/store/gpxl5qgg8kicmcvivwmybwjlpf7wh20l-graalvm17-ce-22.3.0/lib/libjvmcicompiler.so
7f5ec365d000-7f5ec3a44000 r--p 01d7f000 00:86d 4611686019135190040       /nix/store/gpxl5qgg8kicmcvivwmybwjlpf7wh20l-graalvm17-ce-22.3.0/lib/libjvmcicompiler.so
7f5ec3b00000-7f5ec3b04000 ---p 00000000 00:00 0 
7f5ec3b04000-7f5ec3c00000 rw-p 00000000 00:00 0 
7f5ec3d00000-7f5ec3d04000 ---p 00000000 00:00 0 
7f5ec3d04000-7f5ec3e00000 rw-p 00000000 00:00 0 
7f5ec3f00000-7f5ec3f04000 ---p 00000000 00:00 0 
7f5ec3f04000-7f5ec4000000 rw-p 00000000 00:00 0 
7f5ec4000000-7f5ec4004000 ---p 00000000 00:00 0 
7f5ec4004000-7f5ec4100000 rw-p 00000000 00:00 0 
7f5ec4100000-7f5ec4104000 ---p 00000000 00:00 0 
7f5ec4104000-7f5ec4200000 rw-p 00000000 00:00 0 
7f5ec4300000-7f5ec4304000 ---p 00000000 00:00 0 
7f5ec4304000-7f5ec4400000 rw-p 00000000 00:00 0 
7f5ec4500000-7f5ec4504000 ---p 00000000 00:00 0 
7f5ec4504000-7f5ec4600000 rw-p 00000000 00:00 0 
7f5ec4700000-7f5ec4704000 ---p 00000000 00:00 0 
7f5ec4704000-7f5ec4800000 rw-p 00000000 00:00 0 
7f5ec4900000-7f5ec4904000 ---p 00000000 00:00 0 
7f5ec4904000-7f5ec4a00000 rw-p 00000000 00:00 0 
7f5ec4b00000-7f5ec4b04000 ---p 00000000 00:00 0 
7f5ec4b04000-7f5ec4c00000 rw-p 00000000 00:00 0 
7f5ec4d00000-7f5ec4d04000 ---p 00000000 00:00 0 
7f5ec4d04000-7f5ec4e00000 rw-p 00000000 00:00 0 
7f5ec4f00000-7f5ec4f04000 ---p 00000000 00:00 0 
7f5ec4f04000-7f5ec5000000 rw-p 00000000 00:00 0 
7f5ec5000000-7f5ec5004000 ---p 00000000 00:00 0 
7f5ec5004000-7f5ec5100000 rw-p 00000000 00:00 0 
7f5ec5100000-7f5ec5104000 ---p 00000000 00:00 0 
7f5ec5104000-7f5ec5200000 rw-p 00000000 00:00 0 
7f5ec5300000-7f5ec5304000 ---p 00000000 00:00 0 
7f5ec5304000-7f5ec5400000 rw-p 00000000 00:00 0 
7f5ec5500000-7f5ec5504000 ---p 00000000 00:00 0 
7f5ec5504000-7f5ec5600000 rw-p 00000000 00:00 0 
7f5ec5600000-7f5ec5604000 ---p 00000000 00:00 0 
7f5ec5604000-7f5ec5700000 rw-p 00000000 00:00 0 
7f5ec5700000-7f5ec5704000 ---p 00000000 00:00 0 
7f5ec5704000-7f5ec5800000 rw-p 00000000 00:00 0 
7f5ec5800000-7f5ec5804000 ---p 00000000 00:00 0 
7f5ec5804000-7f5ec5900000 rw-p 00000000 00:00 0 
7f5ec5900000-7f5ec5904000 ---p 00000000 00:00 0 
7f5ec5904000-7f5ec5a00000 rw-p 00000000 00:00 0 
7f5ec5b00000-7f5ec5b04000 ---p 00000000 00:00 0 
7f5ec5b04000-7f5ec5c00000 rw-p 00000000 00:00 0 
7f5ec5c00000-7f5ec7d6a000 r-xp 00000000 00:86d 4611686019135190040       /nix/store/gpxl5qgg8kicmcvivwmybwjlpf7wh20l-graalvm17-ce-22.3.0/lib/libjvmcicompiler.so
7f5ec7d6a000-7f5ec7f69000 ---p 0216a000 00:86d 4611686019135190040       /nix/store/gpxl5qgg8kicmcvivwmybwjlpf7wh20l-graalvm17-ce-22.3.0/lib/libjvmcicompiler.so
7f5ec7f69000-7f5ec7f6a000 r--p 02169000 00:86d 4611686019135190040       /nix/store/gpxl5qgg8kicmcvivwmybwjlpf7wh20l-graalvm17-ce-22.3.0/lib/libjvmcicompiler.so
7f5ec7f6a000-7f5ec7f6c000 rw-p 0216a000 00:86d 4611686019135190040       /nix/store/gpxl5qgg8kicmcvivwmybwjlpf7wh20l-graalvm17-ce-22.3.0/lib/libjvmcicompiler.so
7f5ec7f6c000-7f5ec7f6d000 rw-p 00000000 00:00 0 
7f5ec7f6d000-7f5ec7f72000 rw-p 023c3000 00:86d 4611686019135190040       /nix/store/gpxl5qgg8kicmcvivwmybwjlpf7wh20l-graalvm17-ce-22.3.0/lib/libjvmcicompiler.so
7f5ec8000000-7f5ec8021000 rw-p 00000000 00:00 0 
7f5ec8021000-7f5ecc000000 ---p 00000000 00:00 0 
7f5ecc000000-7f5ecc021000 rw-p 00000000 00:00 0 
7f5ecc021000-7f5ed0000000 ---p 00000000 00:00 0 
7f5ed0000000-7f5ed0021000 rw-p 00000000 00:00 0 
7f5ed0021000-7f5ed4000000 ---p 00000000 00:00 0 
7f5ed4000000-7f5ed4021000 rw-p 00000000 00:00 0 
7f5ed4021000-7f5ed8000000 ---p 00000000 00:00 0 
7f5ed8000000-7f5ed810c000 rw-p 00000000 00:00 0 
7f5ed810c000-7f5edc000000 ---p 00000000 00:00 0 
7f5edc000000-7f5edcad7000 rw-p 00000000 00:00 0 
7f5edcad7000-7f5ee0000000 ---p 00000000 00:00 0 
7f5ee0000000-7f5ee0021000 rw-p 00000000 00:00 0 
7f5ee0021000-7f5ee4000000 ---p 00000000 00:00 0 
7f5ee4000000-7f5ee4021000 rw-p 00000000 00:00 0 
7f5ee4021000-7f5ee8000000 ---p 00000000 00:00 0 
7f5ee8000000-7f5ee8021000 rw-p 00000000 00:00 0 
7f5ee8021000-7f5eec000000 ---p 00000000 00:00 0 
7f5eec000000-7f5eec021000 rw-p 00000000 00:00 0 
7f5eec021000-7f5ef0000000 ---p 00000000 00:00 0 
7f5ef0000000-7f5ef0021000 rw-p 00000000 00:00 0 
7f5ef0021000-7f5ef4000000 ---p 00000000 00:00 0 
7f5ef4000000-7f5ef4021000 rw-p 00000000 00:00 0 
7f5ef4021000-7f5ef8000000 ---p 00000000 00:00 0 
7f5ef8000000-7f5ef81ce000 rw-p 00000000 00:00 0 
7f5ef81ce000-7f5efc000000 ---p 00000000 00:00 0 
7f5efc000000-7f5efc004000 ---p 00000000 00:00 0 
7f5efc004000-7f5efc100000 rw-p 00000000 00:00 0 
7f5efc200000-7f5efc204000 ---p 00000000 00:00 0 
7f5efc204000-7f5efc300000 rw-p 00000000 00:00 0 
7f5efd068000-7f5efd500000 rw-p 00000000 00:00 0 
7f5efd518000-7f5efd519000 ---p 00000000 00:00 0 
7f5efd519000-7f5efd61a000 rw-p 00000000 00:00 0 
7f5efd61a000-7f5efd61e000 ---p 00000000 00:00 0 
7f5efd61e000-7f5efd71a000 rw-p 00000000 00:00 0 
7f5efd71a000-7f5efd71e000 ---p 00000000 00:00 0 
7f5efd71e000-7f5efd81a000 rw-p 00000000 00:00 0 
7f5efd81a000-7f5efd81e000 ---p 00000000 00:00 0 
7f5efd81e000-7f5efd91a000 rw-p 00000000 00:00 0 
7f5efd91a000-7f5efd91e000 ---p 00000000 00:00 0 
7f5efd91e000-7f5efdb1a000 rw-p 00000000 00:00 0 
7f5efdb1a000-7f5efdb1e000 ---p 00000000 00:00 0 
7f5efdb1e000-7f5efdd1a000 rw-p 00000000 00:00 0 
7f5efdd1a000-7f5efdd1e000 ---p 00000000 00:00 0 
7f5efdd1e000-7f5efde1a000 rw-p 00000000 00:00 0 
7f5efde1a000-7f5efde1e000 ---p 00000000 00:00 0 
7f5efde1e000-7f5efdf1a000 rw-p 00000000 00:00 0 
7f5efdf1a000-7f5efdf1e000 ---p 00000000 00:00 0 
7f5efdf1e000-7f5efe01a000 rw-p 00000000 00:00 0 
7f5efe01a000-7f5efe300000 r--p 00000000 00:789 28444448                  /usr/lib/locale/locale-archive
7f5efe300000-7f5efe304000 ---p 00000000 00:00 0 
7f5efe304000-7f5efe800000 rw-p 00000000 00:00 0 
7f5efe800000-7f5efeb00000 rw-p 00000000 00:00 0 
7f5efeb00000-7f5efec00000 rw-p 00000000 00:00 0 
7f5efec62000-7f5efec66000 ---p 00000000 00:00 0 
7f5efec66000-7f5efec84000 rw-p 00000000 00:00 0 
7f5efec84000-7f5efec8b000 r-xp 00000000 00:86d 4611686019135192580       /nix/store/gpxl5qgg8kicmcvivwmybwjlpf7wh20l-graalvm17-ce-22.3.0/lib/libzip.so
7f5efec8b000-7f5efec8c000 ---p 00007000 00:86d 4611686019135192580       /nix/store/gpxl5qgg8kicmcvivwmybwjlpf7wh20l-graalvm17-ce-22.3.0/lib/libzip.so
7f5efec8c000-7f5efec8d000 r--p 00007000 00:86d 4611686019135192580       /nix/store/gpxl5qgg8kicmcvivwmybwjlpf7wh20l-graalvm17-ce-22.3.0/lib/libzip.so
7f5efec8d000-7f5efec8e000 rw-p 00008000 00:86d 4611686019135192580       /nix/store/gpxl5qgg8kicmcvivwmybwjlpf7wh20l-graalvm17-ce-22.3.0/lib/libzip.so
7f5efec8e000-7f5efec90000 rw-p 0000b000 00:86d 4611686019135192580       /nix/store/gpxl5qgg8kicmcvivwmybwjlpf7wh20l-graalvm17-ce-22.3.0/lib/libzip.so
7f5efec90000-7f5efeca5000 r-xp 00000000 00:86d 4611686019135192570       /nix/store/gpxl5qgg8kicmcvivwmybwjlpf7wh20l-graalvm17-ce-22.3.0/lib/libnet.so
7f5efeca5000-7f5efeca6000 ---p 00015000 00:86d 4611686019135192570       /nix/store/gpxl5qgg8kicmcvivwmybwjlpf7wh20l-graalvm17-ce-22.3.0/lib/libnet.so
7f5efeca6000-7f5efeca7000 r--p 00015000 00:86d 4611686019135192570       /nix/store/gpxl5qgg8kicmcvivwmybwjlpf7wh20l-graalvm17-ce-22.3.0/lib/libnet.so
7f5efeca7000-7f5efeca8000 rw-p 00016000 00:86d 4611686019135192570       /nix/store/gpxl5qgg8kicmcvivwmybwjlpf7wh20l-graalvm17-ce-22.3.0/lib/libnet.so
7f5efeca8000-7f5efecab000 rw-p 0001b000 00:86d 4611686019135192570       /nix/store/gpxl5qgg8kicmcvivwmybwjlpf7wh20l-graalvm17-ce-22.3.0/lib/libnet.so
7f5efecab000-7f5efecaf000 ---p 00000000 00:00 0 
7f5efecaf000-7f5efedab000 rw-p 00000000 00:00 0 
7f5efedab000-7f5efedac000 ---p 00000000 00:00 0 
7f5efedac000-7f5eff4b3000 rw-p 00000000 00:00 0 
7f5eff4b3000-7f5eff723000 rwxp 00000000 00:00 0 
7f5eff723000-7f5effa42000 ---p 00000000 00:00 0 
7f5effa42000-7f5f00ab2000 rwxp 00000000 00:00 0 
7f5f00ab2000-7f5f06f7a000 ---p 00000000 00:00 0 
7f5f06f7a000-7f5f071ea000 rwxp 00000000 00:00 0 
7f5f071ea000-7f5f0e4b3000 ---p 00000000 00:00 0 
7f5f0e4b3000-7f5f18000000 r--s 00000000 00:86d 4611686019135192581       /nix/store/gpxl5qgg8kicmcvivwmybwjlpf7wh20l-graalvm17-ce-22.3.0/lib/modules
7f5f18000000-7f5f18632000 rw-p 00000000 00:00 0 
7f5f18632000-7f5f1c000000 ---p 00000000 00:00 0 
7f5f1c005000-7f5f1c007000 r-xp 00000000 00:86d 4611686019135190017       /nix/store/gpxl5qgg8kicmcvivwmybwjlpf7wh20l-graalvm17-ce-22.3.0/lib/libextnet.so
7f5f1c007000-7f5f1c008000 r--p 00001000 00:86d 4611686019135190017       /nix/store/gpxl5qgg8kicmcvivwmybwjlpf7wh20l-graalvm17-ce-22.3.0/lib/libextnet.so
7f5f1c008000-7f5f1c009000 rw-p 00002000 00:86d 4611686019135190017       /nix/store/gpxl5qgg8kicmcvivwmybwjlpf7wh20l-graalvm17-ce-22.3.0/lib/libextnet.so
7f5f1c009000-7f5f1c00a000 rw-p 00004000 00:86d 4611686019135190017       /nix/store/gpxl5qgg8kicmcvivwmybwjlpf7wh20l-graalvm17-ce-22.3.0/lib/libextnet.so
7f5f1c00a000-7f5f1c01d000 r-xp 00000000 00:86d 4611686019135192571       /nix/store/gpxl5qgg8kicmcvivwmybwjlpf7wh20l-graalvm17-ce-22.3.0/lib/libnio.so
7f5f1c01d000-7f5f1c01e000 r--p 00012000 00:86d 4611686019135192571       /nix/store/gpxl5qgg8kicmcvivwmybwjlpf7wh20l-graalvm17-ce-22.3.0/lib/libnio.so
7f5f1c01e000-7f5f1c01f000 rw-p 00013000 00:86d 4611686019135192571       /nix/store/gpxl5qgg8kicmcvivwmybwjlpf7wh20l-graalvm17-ce-22.3.0/lib/libnio.so
7f5f1c01f000-7f5f1c024000 rw-p 00019000 00:86d 4611686019135192571       /nix/store/gpxl5qgg8kicmcvivwmybwjlpf7wh20l-graalvm17-ce-22.3.0/lib/libnio.so
7f5f1c024000-7f5f1c0f2000 r-xp 00000000 00:86d 4611686019135190036       /nix/store/gpxl5qgg8kicmcvivwmybwjlpf7wh20l-graalvm17-ce-22.3.0/lib/libjsvml.so
7f5f1c0f2000-7f5f1c0f3000 r--p 000cd000 00:86d 4611686019135190036       /nix/store/gpxl5qgg8kicmcvivwmybwjlpf7wh20l-graalvm17-ce-22.3.0/lib/libjsvml.so
7f5f1c0f3000-7f5f1c0f4000 rw-p 000ce000 00:86d 4611686019135190036       /nix/store/gpxl5qgg8kicmcvivwmybwjlpf7wh20l-graalvm17-ce-22.3.0/lib/libjsvml.so
7f5f1c0f4000-7f5f1d3c6000 rw-p 00000000 00:00 0 
7f5f1d3c6000-7f5f1d3c7000 ---p 00000000 00:00 0 
7f5f1d3c7000-7f5f1d572000 rw-p 00000000 00:00 0 
7f5f1d572000-7f5f1d58c000 rw-p 00000000 00:00 0 
7f5f1d58c000-7f5f1d5c8000 ---p 00000000 00:00 0 
7f5f1d5c8000-7f5f1d5ce000 rw-p 00000000 00:00 0 
7f5f1d5ce000-7f5f1d6b4000 ---p 00000000 00:00 0 
7f5f1d6b4000-7f5f1d6d5000 rw-p 00000000 00:00 0 
7f5f1d6d5000-7f5f1d79f000 ---p 00000000 00:00 0 
7f5f1d79f000-7f5f1d7a4000 rw-p 00000000 00:00 0 
7f5f1d7a4000-7f5f1d7ab000 ---p 00000000 00:00 0 
7f5f1d7ab000-7f5f1d7cf000 r-xp 00000000 00:86d 4611686019135190028       /nix/store/gpxl5qgg8kicmcvivwmybwjlpf7wh20l-graalvm17-ce-22.3.0/lib/libjava.so
7f5f1d7cf000-7f5f1d7d0000 ---p 00024000 00:86d 4611686019135190028       /nix/store/gpxl5qgg8kicmcvivwmybwjlpf7wh20l-graalvm17-ce-22.3.0/lib/libjava.so
7f5f1d7d0000-7f5f1d7d1000 r--p 00024000 00:86d 4611686019135190028       /nix/store/gpxl5qgg8kicmcvivwmybwjlpf7wh20l-graalvm17-ce-22.3.0/lib/libjava.so
7f5f1d7d1000-7f5f1d7d2000 rw-p 00025000 00:86d 4611686019135190028       /nix/store/gpxl5qgg8kicmcvivwmybwjlpf7wh20l-graalvm17-ce-22.3.0/lib/libjava.so
7f5f1d7d2000-7f5f1d7d3000 rw-p 00000000 00:00 0 
7f5f1d7d3000-7f5f1d7da000 rw-p 0002f000 00:86d 4611686019135190028       /nix/store/gpxl5qgg8kicmcvivwmybwjlpf7wh20l-graalvm17-ce-22.3.0/lib/libjava.so
7f5f1d7da000-7f5f1d7e2000 rw-s 00000000 00:435 350                       /tmp/hsperfdata_runner/28
7f5f1d7e2000-7f5f1d7e3000 ---p 00000000 00:00 0 
7f5f1d7e3000-7f5f1d7e4000 r--p 00000000 00:00 0 
7f5f1d7e4000-7f5f1d7e5000 rwxp 00000000 00:00 0 
7f5f1d7e5000-7f5f1d800000 r-xp 00000000 00:86d 4611686019135190032       /nix/store/gpxl5qgg8kicmcvivwmybwjlpf7wh20l-graalvm17-ce-22.3.0/lib/libjimage.so
7f5f1d800000-7f5f1d801000 ---p 0001b000 00:86d 4611686019135190032       /nix/store/gpxl5qgg8kicmcvivwmybwjlpf7wh20l-graalvm17-ce-22.3.0/lib/libjimage.so
7f5f1d801000-7f5f1d803000 r--p 0001b000 00:86d 4611686019135190032       /nix/store/gpxl5qgg8kicmcvivwmybwjlpf7wh20l-graalvm17-ce-22.3.0/lib/libjimage.so
7f5f1d803000-7f5f1d804000 rw-p 0001d000 00:86d 4611686019135190032       /nix/store/gpxl5qgg8kicmcvivwmybwjlpf7wh20l-graalvm17-ce-22.3.0/lib/libjimage.so
7f5f1d804000-7f5f1d805000 rw-p 00024000 00:86d 4611686019135190032       /nix/store/gpxl5qgg8kicmcvivwmybwjlpf7wh20l-graalvm17-ce-22.3.0/lib/libjimage.so
7f5f1d805000-7f5f1d809000 ---p 00000000 00:00 0 
7f5f1d809000-7f5f1d905000 rw-p 00000000 00:00 0 
7f5f1d905000-7f5f1d913000 r--p 00000000 00:86d 4611686019027979927       /nix/store/4nlgxhb09sdr51nc9hdm8az5b08vzkgx-glibc-2.35-163/lib/libm.so.6
7f5f1d913000-7f5f1d986000 r-xp 0000e000 00:86d 4611686019027979927       /nix/store/4nlgxhb09sdr51nc9hdm8az5b08vzkgx-glibc-2.35-163/lib/libm.so.6
7f5f1d986000-7f5f1d9e3000 r--p 00081000 00:86d 4611686019027979927       /nix/store/4nlgxhb09sdr51nc9hdm8az5b08vzkgx-glibc-2.35-163/lib/libm.so.6
7f5f1d9e3000-7f5f1d9e4000 r--p 000dd000 00:86d 4611686019027979927       /nix/store/4nlgxhb09sdr51nc9hdm8az5b08vzkgx-glibc-2.35-163/lib/libm.so.6
7f5f1d9e4000-7f5f1d9e5000 rw-p 000de000 00:86d 4611686019027979927       /nix/store/4nlgxhb09sdr51nc9hdm8az5b08vzkgx-glibc-2.35-163/lib/libm.so.6
7f5f1d9e5000-7f5f1d9e6000 r--p 00000000 00:86d 4611686019027979946       /nix/store/4nlgxhb09sdr51nc9hdm8az5b08vzkgx-glibc-2.35-163/lib/librt.so.1
7f5f1d9e6000-7f5f1d9e7000 r-xp 00001000 00:86d 4611686019027979946       /nix/store/4nlgxhb09sdr51nc9hdm8az5b08vzkgx-glibc-2.35-163/lib/librt.so.1
7f5f1d9e7000-7f5f1d9e8000 r--p 00002000 00:86d 4611686019027979946       /nix/store/4nlgxhb09sdr51nc9hdm8az5b08vzkgx-glibc-2.35-163/lib/librt.so.1
7f5f1d9e8000-7f5f1d9e9000 r--p 00002000 00:86d 4611686019027979946       /nix/store/4nlgxhb09sdr51nc9hdm8az5b08vzkgx-glibc-2.35-163/lib/librt.so.1
7f5f1d9e9000-7f5f1d9ea000 rw-p 00003000 00:86d 4611686019027979946       /nix/store/4nlgxhb09sdr51nc9hdm8az5b08vzkgx-glibc-2.35-163/lib/librt.so.1
7f5f1d9ea000-7f5f1eafd000 r-xp 00000000 00:86d 4611686019135360866       /nix/store/gpxl5qgg8kicmcvivwmybwjlpf7wh20l-graalvm17-ce-22.3.0/lib/server/libjvm.so
7f5f1eafd000-7f5f1eafe000 ---p 01113000 00:86d 4611686019135360866       /nix/store/gpxl5qgg8kicmcvivwmybwjlpf7wh20l-graalvm17-ce-22.3.0/lib/server/libjvm.so
7f5f1eafe000-7f5f1ebb3000 r--p 01113000 00:86d 4611686019135360866       /nix/store/gpxl5qgg8kicmcvivwmybwjlpf7wh20l-graalvm17-ce-22.3.0/lib/server/libjvm.so
7f5f1ebb3000-7f5f1ebe7000 rw-p 011c8000 00:86d 4611686019135360866       /nix/store/gpxl5qgg8kicmcvivwmybwjlpf7wh20l-graalvm17-ce-22.3.0/lib/server/libjvm.so
7f5f1ebe7000-7f5f1ec43000 rw-p 00000000 00:00 0 
7f5f1ec43000-7f5f1ec6b000 r--p 00000000 00:86d 4611686019027979918       /nix/store/4nlgxhb09sdr51nc9hdm8az5b08vzkgx-glibc-2.35-163/lib/libc.so.6
7f5f1ec6b000-7f5f1ede1000 r-xp 00028000 00:86d 4611686019027979918       /nix/store/4nlgxhb09sdr51nc9hdm8az5b08vzkgx-glibc-2.35-163/lib/libc.so.6
7f5f1ede1000-7f5f1ee39000 r--p 0019e000 00:86d 4611686019027979918       /nix/store/4nlgxhb09sdr51nc9hdm8az5b08vzkgx-glibc-2.35-163/lib/libc.so.6
7f5f1ee39000-7f5f1ee3d000 r--p 001f6000 00:86d 4611686019027979918       /nix/store/4nlgxhb09sdr51nc9hdm8az5b08vzkgx-glibc-2.35-163/lib/libc.so.6
7f5f1ee3d000-7f5f1ee3f000 rw-p 001fa000 00:86d 4611686019027979918       /nix/store/4nlgxhb09sdr51nc9hdm8az5b08vzkgx-glibc-2.35-163/lib/libc.so.6
7f5f1ee3f000-7f5f1ee4e000 rw-p 00000000 00:00 0 
7f5f1ee4e000-7f5f1ee4f000 r--p 00000000 00:86d 4611686019027979923       /nix/store/4nlgxhb09sdr51nc9hdm8az5b08vzkgx-glibc-2.35-163/lib/libdl.so.2
7f5f1ee4f000-7f5f1ee50000 r-xp 00001000 00:86d 4611686019027979923       /nix/store/4nlgxhb09sdr51nc9hdm8az5b08vzkgx-glibc-2.35-163/lib/libdl.so.2
7f5f1ee50000-7f5f1ee51000 r--p 00002000 00:86d 4611686019027979923       /nix/store/4nlgxhb09sdr51nc9hdm8az5b08vzkgx-glibc-2.35-163/lib/libdl.so.2
7f5f1ee51000-7f5f1ee52000 r--p 00002000 00:86d 4611686019027979923       /nix/store/4nlgxhb09sdr51nc9hdm8az5b08vzkgx-glibc-2.35-163/lib/libdl.so.2
7f5f1ee52000-7f5f1ee53000 rw-p 00003000 00:86d 4611686019027979923       /nix/store/4nlgxhb09sdr51nc9hdm8az5b08vzkgx-glibc-2.35-163/lib/libdl.so.2
7f5f1ee53000-7f5f1ee54000 r--p 00000000 00:86d 4611686019027979942       /nix/store/4nlgxhb09sdr51nc9hdm8az5b08vzkgx-glibc-2.35-163/lib/libpthread.so.0
7f5f1ee54000-7f5f1ee55000 r-xp 00001000 00:86d 4611686019027979942       /nix/store/4nlgxhb09sdr51nc9hdm8az5b08vzkgx-glibc-2.35-163/lib/libpthread.so.0
7f5f1ee55000-7f5f1ee56000 r--p 00002000 00:86d 4611686019027979942       /nix/store/4nlgxhb09sdr51nc9hdm8az5b08vzkgx-glibc-2.35-163/lib/libpthread.so.0
7f5f1ee56000-7f5f1ee57000 r--p 00002000 00:86d 4611686019027979942       /nix/store/4nlgxhb09sdr51nc9hdm8az5b08vzkgx-glibc-2.35-163/lib/libpthread.so.0
7f5f1ee57000-7f5f1ee58000 rw-p 00003000 00:86d 4611686019027979942       /nix/store/4nlgxhb09sdr51nc9hdm8az5b08vzkgx-glibc-2.35-163/lib/libpthread.so.0
7f5f1ee58000-7f5f1ee66000 r-xp 00000000 00:86d 4611686019135190033       /nix/store/gpxl5qgg8kicmcvivwmybwjlpf7wh20l-graalvm17-ce-22.3.0/lib/libjli.so
7f5f1ee66000-7f5f1ee67000 ---p 0000e000 00:86d 4611686019135190033       /nix/store/gpxl5qgg8kicmcvivwmybwjlpf7wh20l-graalvm17-ce-22.3.0/lib/libjli.so
7f5f1ee67000-7f5f1ee68000 r--p 0000e000 00:86d 4611686019135190033       /nix/store/gpxl5qgg8kicmcvivwmybwjlpf7wh20l-graalvm17-ce-22.3.0/lib/libjli.so
7f5f1ee68000-7f5f1ee69000 rw-p 0000f000 00:86d 4611686019135190033       /nix/store/gpxl5qgg8kicmcvivwmybwjlpf7wh20l-graalvm17-ce-22.3.0/lib/libjli.so
7f5f1ee69000-7f5f1ee6a000 rw-p 00012000 00:86d 4611686019135190033       /nix/store/gpxl5qgg8kicmcvivwmybwjlpf7wh20l-graalvm17-ce-22.3.0/lib/libjli.so
7f5f1ee6a000-7f5f1ee6d000 r--p 00000000 00:86d 4611686019106210071       /nix/store/026hln0aq1hyshaxsdvhg0kmcm6yf45r-zlib-1.2.13/lib/libz.so.1.2.13
7f5f1ee6d000-7f5f1ee7f000 r-xp 00003000 00:86d 4611686019106210071       /nix/store/026hln0aq1hyshaxsdvhg0kmcm6yf45r-zlib-1.2.13/lib/libz.so.1.2.13
7f5f1ee7f000-7f5f1ee86000 r--p 00015000 00:86d 4611686019106210071       /nix/store/026hln0aq1hyshaxsdvhg0kmcm6yf45r-zlib-1.2.13/lib/libz.so.1.2.13
7f5f1ee86000-7f5f1ee87000 r--p 0001b000 00:86d 4611686019106210071       /nix/store/026hln0aq1hyshaxsdvhg0kmcm6yf45r-zlib-1.2.13/lib/libz.so.1.2.13
7f5f1ee87000-7f5f1ee88000 rw-p 0001c000 00:86d 4611686019106210071       /nix/store/026hln0aq1hyshaxsdvhg0kmcm6yf45r-zlib-1.2.13/lib/libz.so.1.2.13
7f5f1ee88000-7f5f1ee8a000 rw-p 00000000 00:00 0 
7f5f1ee8a000-7f5f1ee8c000 r--p 00000000 00:86d 4611686019027979912       /nix/store/4nlgxhb09sdr51nc9hdm8az5b08vzkgx-glibc-2.35-163/lib/ld-linux-x86-64.so.2
7f5f1ee8c000-7f5f1eeb3000 r-xp 00002000 00:86d 4611686019027979912       /nix/store/4nlgxhb09sdr51nc9hdm8az5b08vzkgx-glibc-2.35-163/lib/ld-linux-x86-64.so.2
7f5f1eeb3000-7f5f1eebf000 r--p 00029000 00:86d 4611686019027979912       /nix/store/4nlgxhb09sdr51nc9hdm8az5b08vzkgx-glibc-2.35-163/lib/ld-linux-x86-64.so.2
7f5f1eebf000-7f5f1eec1000 r--p 00034000 00:86d 4611686019027979912       /nix/store/4nlgxhb09sdr51nc9hdm8az5b08vzkgx-glibc-2.35-163/lib/ld-linux-x86-64.so.2
7f5f1eec1000-7f5f1eec3000 rw-p 00036000 00:86d 4611686019027979912       /nix/store/4nlgxhb09sdr51nc9hdm8az5b08vzkgx-glibc-2.35-163/lib/ld-linux-x86-64.so.2
7fff2aca6000-7fff2acca000 rw-p 00000000 00:00 0                          [stack]
7fff2ad91000-7fff2ad95000 r--p 00000000 00:00 0                          [vvar]
7fff2ad95000-7fff2ad97000 r-xp 00000000 00:00 0                          [vdso]
ffffffffff600000-ffffffffff601000 --xp 00000000 00:00 0                  [vsyscall]


VM Arguments:
jvm_args: -XX:ThreadPriorityPolicy=1 -XX:+UnlockExperimentalVMOptions -XX:+EnableJVMCIProduct -XX:JVMCIThreadsPerNativeLibraryRuntime=1 -XX:-UnlockExperimentalVMOptions -Declipse.application=org.eclipse.jdt.ls.core.id1 -Dosgi.bundles.defaultStartLevel=4 -Declipse.product=org.eclipse.jdt.ls.core.product -Dlog.level=ALL -Xverify:none -XX:+UseParallelGC -XX:GCTimeRatio=4 -XX:AdaptiveSizePolicyWeight=90 -Dsun.zip.disableMemoryMapping=true -Xmx512m -Xms100m 
java_command: /nix/store/m6gcpi1ii6rghy04cjwjddcavv7i90df-jdt-language-server-1.9.0/share/java/plugins/org.eclipse.equinox.launcher_1.6.400.v20210924-0641.jar --add-modules=ALL-SYSTEM --add-opens java.base/java.util=ALL-UNNAMED --add-opens java.base/java.lang=ALL-UNNAMED -configuration /home/runner/.cache/jdt-language-server/config -data /home/runner/.cache/jdt-language-server/data/home/runner/72-Maps
java_class_path (initial): /nix/store/m6gcpi1ii6rghy04cjwjddcavv7i90df-jdt-language-server-1.9.0/share/java/plugins/org.eclipse.equinox.launcher_1.6.400.v20210924-0641.jar
Launcher Type: SUN_STANDARD

[Global flags]
    uintx AdaptiveSizePolicyWeight                 = 90                                        {product} {command line}
     intx CICompilerCount                          = 2                                         {product} {ergonomic}
     bool EnableJVMCIProduct                       = true                                {JVMCI product} {jimage}
    uintx GCTimeRatio                              = 4                                         {product} {command line}
   size_t InitialHeapSize                          = 104857600                                 {product} {command line}
     uint JVMCIThreadsPerNativeLibraryRuntime      = 1                                   {JVMCI product} {jimage}
   size_t MaxHeapSize                              = 536870912                                 {product} {command line}
   size_t MaxNewSize                               = 178782208                                 {product} {ergonomic}
   size_t MinHeapDeltaBytes                        = 524288                                    {product} {ergonomic}
   size_t MinHeapSize                              = 104857600                                 {product} {command line}
   size_t NewSize                                  = 34603008                                  {product} {ergonomic}
    uintx NonNMethodCodeHeapSize                   = 5826188                                {pd product} {ergonomic}
    uintx NonProfiledCodeHeapSize                  = 122916026                              {pd product} {ergonomic}
   size_t OldSize                                  = 70254592                                  {product} {ergonomic}
    uintx ProfiledCodeHeapSize                     = 122916026                              {pd product} {ergonomic}
    uintx ReservedCodeCacheSize                    = 251658240                              {pd product} {ergonomic}
     bool SegmentedCodeCache                       = true                                      {product} {ergonomic}
   size_t SoftMaxHeapSize                          = 536870912                              {manageable} {ergonomic}
     intx ThreadPriorityPolicy                     = 1                                         {product} {jimage}
     bool UseCompressedClassPointers               = true                           {product lp64_product} {ergonomic}
     bool UseCompressedOops                        = true                           {product lp64_product} {ergonomic}
     bool UseParallelGC                            = true                                      {product} {command line}

Logging:
Log output configuration:
 #0: stdout all=warning uptime,level,tags
 #1: stderr all=off uptime,level,tags

Environment Variables:
JAVA_HOME=/nix/store/gpxl5qgg8kicmcvivwmybwjlpf7wh20l-graalvm17-ce-22.3.0
PATH=/nix/store/1d6ian3r8kdzspw8hacjhl3xkp40g1lj-binutils-wrapper-2.39/bin:/nix/store/dq0xwmsk1g0i2ayg6pb7y87na2knzylh-gcc-wrapper-11.3.0/bin:/nix/store/bap4d0lpcrhpwmpb8ayjcgkmvfj62lnq-bash-interactive-5.1-p16/bin:/nix/store/pr5n59mb4jzmfx6kanwxly0l07p861fg-patchelf-0.15.0/bin:/nix/store/1gf2flfqnpqbr1b4p4qz2f72y42bs56r-gcc-11.3.0/bin:/nix/store/57xv61c5zi8pphjbcwxxjlgc34p61ic9-glibc-2.35-163-bin/bin:/nix/store/a7gvj343m05j2s32xcnwr35v31ynlypr-coreutils-9.1/bin:/nix/store/039g378vc3pc3dvi9dzdlrd0i4q93qwf-binutils-2.39/bin:/nix/store/gpxl5qgg8kicmcvivwmybwjlpf7wh20l-graalvm17-ce-22.3.0/bin:/nix/store/6z9ag3ihc8mq2hzsw48lhbznvzny65nz-apache-maven-3.8.6/bin:/nix/store/m6gcpi1ii6rghy04cjwjddcavv7i90df-jdt-language-server-1.9.0/bin:/nix/store/84xs5alhs01zrbr4ywm05kxbjbp5590l-java-debug/bin:/nix/store/mydc6f4k2z73xlcz7ilif3v2lcaiqvza-findutils-4.9.0/bin:/nix/store/j9p3g8472iijd50vhdprx0nmk2fqn5gv-diffutils-3.8/bin:/nix/store/89zs7rms6x00xfq4dq6m7mjnhkr8a6r4-gnused-4.8/bin:/nix/store/86bp03jkmsl6f92w0yzg4s59g5mhxwmy-gnugrep-3.7/bin:/nix/store/hwcdqw4jrjnd37wxqgsd47hd0j8bnj09-gawk-5.1.1/bin:/nix/store/cfbhw8r8ags41vwqaz47r583d0p4h4a1-gnutar-1.34/bin:/nix/store/p3m1ndl1lapwrlh698bnb5lvvxh67378-gzip-1.12/bin:/nix/store/a8mhcagrsly7c7mpjrpsnaahk4aax056-bzip2-1.0.8-bin/bin:/nix/store/mblgz65m3zv9x548a3d5m96fj2pbwr09-gnumake-4.3/bin:/nix/store/dsd5gz46hdbdk2rfdimqddhq6m8m8fqs-bash-5.1-p16/bin:/nix/store/v7ljksji50mg3w61dykaa3n3y79n6nil-patch-2.7.6/bin:/nix/store/zlcnmqq14jz5x9439jf937mvayyl63da-xz-5.2.7-bin/bin:/nix/store/y6aj732zm9m87c82fpvf103a1xb22blp-file-5.43/bin:/nix/store/sgqd0ajghcv2axfl1lad0b1alyavp0dc-prybar-elisp-0.0.0-67f7a00/bin:/nix/store/p3hsvljpgs68jqwar41lc0jqhjj734lf-prybar-lua-0.0.0-67f7a00/bin:/nix/store/qzxs2gybds3s9kb1vkaflpgm2nwr85fh-prybar-python3-0.0.0-67f7a00/bin:/nix/store/km94z9mxp8w4m8gxxp5mbfpdf3nkfvd8-prybar-sqlite-0.0.0-67f7a00/bin:/nix/store/2pnc7b76asw0z59c4l6h6qy8arwqrii1-prybar-tcl-0.0.0-67f7a00/bin:/nix/store/hpbvrlwd5viqmvcaisb3x0118i913a9n-st
LD_LIBRARY_PATH=/nix/store/a4pff549sk2idnkpzk5nsfps3mdkdnvm-cups-2.4.2-lib/lib:/nix/store/72mqxxhh3cy5yifh92wh2yb8cl2hikyy-cairo-1.16.0/lib:/nix/store/2k366jrbsra97gjfxwvrhvixjfxdach5-glib-2.74.1/lib:/nix/store/2j2znigd8ak37rlwh9khz0ry3clqlw1l-gtk+3-3.24.34/lib:/nix/store/hisqvx32cd57apbpcsnkpx6k3549wql1-libglvnd-1.4.0/lib:/nix/store/p36pgcv991mq5srvg765b78yqpxvk3qs-mesa-21.3.3-drivers/lib:/nix/store/mav4251if1ahjq5vkpwycyyvnmy459c4-pulseaudio-14.2/lib
DISPLAY=:0
LANG=en_US.UTF-8

Signal Handlers:
   SIGSEGV: crash_handler in libjvm.so, mask=11100100010111111101111111111110, flags=SA_RESTART|SA_SIGINFO
    SIGBUS: crash_handler in libjvm.so, mask=11100100010111111101111111111110, flags=SA_RESTART|SA_SIGINFO
    SIGFPE: crash_handler in libjvm.so, mask=11100100010111111101111111111110, flags=SA_RESTART|SA_SIGINFO
   SIGPIPE: IsolateEnterStub_IgnoreSIGPIPEStartupHook_noopSignalHandler_8f19bff2f35b5f630d83b364d6b2339320d4ec70_216e8361c6bc87a8f89f58cc10d3b2fd4415bf87 in libjvmcicompiler.so, mask=00000000000000000000000000000000, flags=SA_RESTART
  *** Handler was modified!
  *** Expected: javaSignalHandler in libjvm.so, mask=11100100110111111111111111111110, flags=SA_RESTART|SA_SIGINFO
   SIGXFSZ: javaSignalHandler in libjvm.so, mask=11100100010111111101111111111110, flags=SA_RESTART|SA_SIGINFO
    SIGILL: crash_handler in libjvm.so, mask=11100100010111111101111111111110, flags=SA_RESTART|SA_SIGINFO
   SIGUSR2: SR_handler in libjvm.so, mask=00000000000000000000000000000000, flags=SA_RESTART|SA_SIGINFO
    SIGHUP: UserHandler in libjvm.so, mask=11100100010111111101111111111110, flags=SA_RESTART|SA_SIGINFO
    SIGINT: UserHandler in libjvm.so, mask=11100100010111111101111111111110, flags=SA_RESTART|SA_SIGINFO
   SIGTERM: UserHandler in libjvm.so, mask=11100100010111111101111111111110, flags=SA_RESTART|SA_SIGINFO
   SIGQUIT: UserHandler in libjvm.so, mask=11100100010111111101111111111110, flags=SA_RESTART|SA_SIGINFO
  *** Handler was modified!
  *** Expected: javaSignalHandler in libjvm.so, mask=11100100110111111111111111111110, flags=SA_RESTART|SA_SIGINFO
   SIGTRAP: crash_handler in libjvm.so, mask=11100100010111111101111111111110, flags=SA_RESTART|SA_SIGINFO


---------------  S Y S T E M  ---------------

OS:
DISTRIB_ID=Ubuntu
DISTRIB_RELEASE=20.04
DISTRIB_CODENAME=focal
DISTRIB_DESCRIPTION="Ubuntu 20.04.2 LTS"
uname: Linux 5.15.0-1029-gcp #36~20.04.1-Ubuntu SMP Tue Jan 24 16:54:15 UTC 2023 x86_64
OS uptime: 0 days 7:36 hours
libc: glibc 2.35 NPTL 2.35 
rlimit (soft/hard): STACK 8192k/infinity , CORE infinity/infinity , NPROC infinity/infinity , NOFILE 5242/5242 , AS infinity/infinity , CPU infinity/infinity , DATA infinity/infinity , FSIZE infinity/infinity , MEMLOCK 64k/64k
load average: 13.64 12.58 12.38

/proc/meminfo:
MemTotal:       65852724 kB
MemFree:        27012540 kB
MemAvailable:   47562328 kB
Buffers:         2655580 kB
Cached:         16438756 kB
SwapCached:            0 kB
Active:          9733228 kB
Inactive:       25020400 kB
Active(anon):      15796 kB
Inactive(anon): 15289384 kB
Active(file):    9717432 kB
Inactive(file):  9731016 kB
Unevictable:       44588 kB
Mlocked:           44588 kB
SwapTotal:             0 kB
SwapFree:              0 kB
Dirty:              4396 kB
Writeback:             0 kB
AnonPages:      14924292 kB
Mapped:          2019888 kB
Shmem:             87744 kB
KReclaimable:    1827940 kB
Slab:            3099668 kB
SReclaimable:    1827940 kB
SUnreclaim:      1271728 kB
KernelStack:      394768 kB
PageTables:       169160 kB
NFS_Unstable:          0 kB
Bounce:                0 kB
WritebackTmp:          0 kB
CommitLimit:    32926360 kB
Committed_AS:   65506372 kB
VmallocTotal:   34359738367 kB
VmallocUsed:      431176 kB
VmallocChunk:          0 kB
Percpu:            61184 kB
HardwareCorrupted:     0 kB
AnonHugePages:   1103872 kB
ShmemHugePages:        0 kB
ShmemPmdMapped:        0 kB
FileHugePages:         0 kB
FilePmdMapped:         0 kB
HugePages_Total:       0
HugePages_Free:        0
HugePages_Rsvd:        0
HugePages_Surp:        0
Hugepagesize:       2048 kB
Hugetlb:               0 kB
DirectMap4k:     4668224 kB
DirectMap2M:    46708736 kB
DirectMap1G:    17825792 kB

/sys/kernel/mm/transparent_hugepage/enabled: always [madvise] never
/sys/kernel/mm/transparent_hugepage/defrag (defrag/compaction efforts parameter): always defer defer+madvise [madvise] never

Process Memory:
Virtual Size: 4854872K (peak: 4919100K)
Resident Set Size: 737780K (peak: 784492K) (anon: 544280K, file: 193500K, shmem: 0K)
Swapped out: 0K
C-Heap outstanding allocations: 41354K, retained: 11573K
glibc malloc tunables: (default)

/proc/sys/kernel/threads-max (system-wide limit on the number of threads): 514406
/proc/sys/vm/max_map_count (maximum number of memory map areas a process may have): 65530
/proc/sys/kernel/pid_max (system-wide limit on number of process identifiers): 4194304

container (cgroup) information:
container_type: cgroupv1
cpu_cpuset_cpus: 2-7
cpu_memory_nodes: 0
active_processor_count: 1
cpu_quota: 50000
cpu_period: 100000
cpu_shares: 512
memory_limit_in_bytes: 1048576 k
memory_and_swap_limit_in_bytes: 1048576 k
memory_soft_limit_in_bytes: 524288 k
memory_usage_in_bytes: 584668 k
memory_max_usage_in_bytes: 623072 k
maximum number of tasks: 1000
current number of tasks: 47

KVM virtualization detected
Steal ticks since vm start: 0
Steal ticks percentage since vm start:  0.000

CPU: total 8 (initial active 1) (8 cores per cpu, 2 threads per core) family 23 model 49 stepping 0 microcode 0xffffffff, cx8, cmov, fxsr, ht, mmx, 3dnowpref, sse, sse2, sse3, ssse3, sse4a, sse4.1, sse4.2, popcnt, lzcnt, tsc, tscinvbit, avx, avx2, aes, clmul, bmi1, bmi2, adx, sha, fma, vzeroupper, clflush, clflushopt, hv
CPU Model and flags from /proc/cpuinfo:
model name	: AMD EPYC 7B12
flags		: fpu vme de pse tsc msr pae mce cx8 apic sep mtrr pge mca cmov pat pse36 clflush mmx fxsr sse sse2 ht syscall nx mmxext fxsr_opt pdpe1gb rdtscp lm constant_tsc rep_good nopl nonstop_tsc cpuid extd_apicid tsc_known_freq pni pclmulqdq ssse3 fma cx16 sse4_1 sse4_2 movbe popcnt aes xsave avx f16c rdrand hypervisor lahf_lm cmp_legacy cr8_legacy abm sse4a misalignsse 3dnowprefetch osvw topoext ssbd ibrs ibpb stibp vmmcall fsgsbase tsc_adjust bmi1 avx2 smep bmi2 rdseed adx smap clflushopt clwb sha_ni xsaveopt xsavec xgetbv1 clzero xsaveerptr arat npt nrip_save umip rdpid

Online cpus: 0-7
Offline cpus: 
BIOS frequency limitation: <Not Available>
Frequency switch latency (ns): <Not Available>
Available cpu frequencies: <Not Available>
Current governor: <Not Available>
Core performance/turbo boost: <Not Available>

Memory: 4k page, physical 1048576k(463904k free), swap 0k(0k free)
Page Sizes: 4k

vm_info: OpenJDK 64-Bit Server VM (17.0.5+8-jvmci-22.3-b08) for linux-amd64 JRE (17.0.5+8-jvmci-22.3-b08), built on Oct 19 2022 09:01:27 by "buildslave" with gcc 10.3.0

END.
